Command line invocation:
    /Applications/Xcode.app/Contents/Developer/usr/bin/xcodebuild -project focus_mac.xcodeproj -scheme focus_mac -configuration Debug clean build

2026-06-13 13:25:43.950 xcodebuild[63069:1892268] [MT] IDERunDestination: Supported platforms for the buildables in the current scheme is empty.
--- xcodebuild: WARNING: Using the first of multiple matching destinations:
{ platform:macOS, arch:arm64, id:00008112-000439163678201E, name:My Mac }
{ platform:macOS, arch:x86_64, id:00008112-000439163678201E, name:My Mac }
{ platform:macOS, name:Any Mac }
CreateBuildRequest

SendProjectDescription

CreateBuildOperation

** CLEAN SUCCEEDED **

--- xcodebuild: WARNING: Using the first of multiple matching destinations:
{ platform:macOS, arch:arm64, id:00008112-000439163678201E, name:My Mac }
{ platform:macOS, arch:x86_64, id:00008112-000439163678201E, name:My Mac }
{ platform:macOS, name:Any Mac }
ComputePackagePrebuildTargetDependencyGraph

Prepare packages

CreateBuildRequest

SendProjectDescription

CreateBuildOperation

ComputeTargetDependencyGraph
note: Building targets in dependency order
note: Target dependency graph (1 target)
    Target 'focus_mac' in project 'focus_mac' (no dependencies)

GatherProvisioningInputs

CreateBuildDescription

ExecuteExternalTool /Applications/Xcode.app/Contents/Developer/Toolchains/XcodeDefault.xctoolchain/usr/bin/clang -v -E -dM -isysroot /Applications/Xcode.app/Contents/Developer/Platforms/MacOSX.platform/Developer/SDKs/MacOSX26.2.sdk -x c -c /dev/null

ExecuteExternalTool /Applications/Xcode.app/Contents/Developer/usr/bin/actool --version --output-format xml1

ExecuteExternalTool /Applications/Xcode.app/Contents/Developer/Toolchains/XcodeDefault.xctoolchain/usr/bin/swiftc --version

ExecuteExternalTool /Applications/Xcode.app/Contents/Developer/Toolchains/XcodeDefault.xctoolchain/usr/bin/ld -version_details

Build description signature: 67ac86b7b67011d0a2e056862587e5e7
Build description path: /Users/genweimi/Library/Developer/Xcode/DerivedData/focus_mac-gezrtfymcbjartakpqfqclybqyak/Build/Intermediates.noindex/XCBuildData/67ac86b7b67011d0a2e056862587e5e7.xcbuilddata
ClangStatCache /Applications/Xcode.app/Contents/Developer/Toolchains/XcodeDefault.xctoolchain/usr/bin/clang-stat-cache /Applications/Xcode.app/Contents/Developer/Platforms/MacOSX.platform/Developer/SDKs/MacOSX26.2.sdk /Users/genweimi/Library/Developer/Xcode/DerivedData/SDKStatCaches.noindex/macosx26.2-25C58-00fa09913b459cbbc988d1f6730289ae.sdkstatcache
    cd /Users/genweimi/Desktop/flutter/ios/focus/focus_mac/focus_mac.xcodeproj
    /Applications/Xcode.app/Contents/Developer/Toolchains/XcodeDefault.xctoolchain/usr/bin/clang-stat-cache /Applications/Xcode.app/Contents/Developer/Platforms/MacOSX.platform/Developer/SDKs/MacOSX26.2.sdk -o /Users/genweimi/Library/Developer/Xcode/DerivedData/SDKStatCaches.noindex/macosx26.2-25C58-00fa09913b459cbbc988d1f6730289ae.sdkstatcache

CreateBuildDirectory /Users/genweimi/Library/Developer/Xcode/DerivedData/focus_mac-gezrtfymcbjartakpqfqclybqyak/Build/Products
    cd /Users/genweimi/Desktop/flutter/ios/focus/focus_mac/focus_mac.xcodeproj
    builtin-create-build-directory /Users/genweimi/Library/Developer/Xcode/DerivedData/focus_mac-gezrtfymcbjartakpqfqclybqyak/Build/Products

CreateBuildDirectory /Users/genweimi/Library/Developer/Xcode/DerivedData/focus_mac-gezrtfymcbjartakpqfqclybqyak/Build/Intermediates.noindex
    cd /Users/genweimi/Desktop/flutter/ios/focus/focus_mac/focus_mac.xcodeproj
    builtin-create-build-directory /Users/genweimi/Library/Developer/Xcode/DerivedData/focus_mac-gezrtfymcbjartakpqfqclybqyak/Build/Intermediates.noindex

CreateBuildDirectory /Users/genweimi/Library/Developer/Xcode/DerivedData/focus_mac-gezrtfymcbjartakpqfqclybqyak/Build/Products/Debug
    cd /Users/genweimi/Desktop/flutter/ios/focus/focus_mac/focus_mac.xcodeproj
    builtin-create-build-directory /Users/genweimi/Library/Developer/Xcode/DerivedData/focus_mac-gezrtfymcbjartakpqfqclybqyak/Build/Products/Debug

CreateBuildDirectory /Users/genweimi/Library/Developer/Xcode/DerivedData/focus_mac-gezrtfymcbjartakpqfqclybqyak/Build/Intermediates.noindex/SwiftExplicitPrecompiledModules
    cd /Users/genweimi/Desktop/flutter/ios/focus/focus_mac/focus_mac.xcodeproj
    builtin-create-build-directory /Users/genweimi/Library/Developer/Xcode/DerivedData/focus_mac-gezrtfymcbjartakpqfqclybqyak/Build/Intermediates.noindex/SwiftExplicitPrecompiledModules

CreateBuildDirectory /Users/genweimi/Library/Developer/Xcode/DerivedData/focus_mac-gezrtfymcbjartakpqfqclybqyak/Build/Intermediates.noindex/ExplicitPrecompiledModules
    cd /Users/genweimi/Desktop/flutter/ios/focus/focus_mac/focus_mac.xcodeproj
    builtin-create-build-directory /Users/genweimi/Library/Developer/Xcode/DerivedData/focus_mac-gezrtfymcbjartakpqfqclybqyak/Build/Intermediates.noindex/ExplicitPrecompiledModules

WriteAuxiliaryFile /Users/genweimi/Library/Developer/Xcode/DerivedData/focus_mac-gezrtfymcbjartakpqfqclybqyak/Build/Intermediates.noindex/focus_mac.build/Debug/focus_mac-5ccffd7ea4cab47c0c020f97fb78d490-VFS/all-product-headers.yaml
    cd /Users/genweimi/Desktop/flutter/ios/focus/focus_mac/focus_mac.xcodeproj
    write-file /Users/genweimi/Library/Developer/Xcode/DerivedData/focus_mac-gezrtfymcbjartakpqfqclybqyak/Build/Intermediates.noindex/focus_mac.build/Debug/focus_mac-5ccffd7ea4cab47c0c020f97fb78d490-VFS/all-product-headers.yaml

CreateBuildDirectory /Users/genweimi/Library/Developer/Xcode/DerivedData/focus_mac-gezrtfymcbjartakpqfqclybqyak/Build/Intermediates.noindex/EagerLinkingTBDs/Debug
    cd /Users/genweimi/Desktop/flutter/ios/focus/focus_mac/focus_mac.xcodeproj
    builtin-create-build-directory /Users/genweimi/Library/Developer/Xcode/DerivedData/focus_mac-gezrtfymcbjartakpqfqclybqyak/Build/Intermediates.noindex/EagerLinkingTBDs/Debug

WriteAuxiliaryFile /Users/genweimi/Library/Developer/Xcode/DerivedData/focus_mac-gezrtfymcbjartakpqfqclybqyak/Build/Intermediates.noindex/focus_mac.build/Debug/focus_mac.build/focus_mac-own-target-headers.hmap (in target 'focus_mac' from project 'focus_mac')
    cd /Users/genweimi/Desktop/flutter/ios/focus/focus_mac
    write-file /Users/genweimi/Library/Developer/Xcode/DerivedData/focus_mac-gezrtfymcbjartakpqfqclybqyak/Build/Intermediates.noindex/focus_mac.build/Debug/focus_mac.build/focus_mac-own-target-headers.hmap

WriteAuxiliaryFile /Users/genweimi/Library/Developer/Xcode/DerivedData/focus_mac-gezrtfymcbjartakpqfqclybqyak/Build/Intermediates.noindex/focus_mac.build/Debug/focus_mac.build/focus_mac-project-headers.hmap (in target 'focus_mac' from project 'focus_mac')
    cd /Users/genweimi/Desktop/flutter/ios/focus/focus_mac
    write-file /Users/genweimi/Library/Developer/Xcode/DerivedData/focus_mac-gezrtfymcbjartakpqfqclybqyak/Build/Intermediates.noindex/focus_mac.build/Debug/focus_mac.build/focus_mac-project-headers.hmap

WriteAuxiliaryFile /Users/genweimi/Library/Developer/Xcode/DerivedData/focus_mac-gezrtfymcbjartakpqfqclybqyak/Build/Intermediates.noindex/focus_mac.build/Debug/focus_mac.build/focus_mac-all-target-headers.hmap (in target 'focus_mac' from project 'focus_mac')
    cd /Users/genweimi/Desktop/flutter/ios/focus/focus_mac
    write-file /Users/genweimi/Library/Developer/Xcode/DerivedData/focus_mac-gezrtfymcbjartakpqfqclybqyak/Build/Intermediates.noindex/focus_mac.build/Debug/focus_mac.build/focus_mac-all-target-headers.hmap

WriteAuxiliaryFile /Users/genweimi/Library/Developer/Xcode/DerivedData/focus_mac-gezrtfymcbjartakpqfqclybqyak/Build/Intermediates.noindex/focus_mac.build/Debug/focus_mac.build/focus_mac-all-non-framework-target-headers.hmap (in target 'focus_mac' from project 'focus_mac')
    cd /Users/genweimi/Desktop/flutter/ios/focus/focus_mac
    write-file /Users/genweimi/Library/Developer/Xcode/DerivedData/focus_mac-gezrtfymcbjartakpqfqclybqyak/Build/Intermediates.noindex/focus_mac.build/Debug/focus_mac.build/focus_mac-all-non-framework-target-headers.hmap

WriteAuxiliaryFile /Users/genweimi/Library/Developer/Xcode/DerivedData/focus_mac-gezrtfymcbjartakpqfqclybqyak/Build/Intermediates.noindex/focus_mac.build/Debug/focus_mac.build/focus_mac-generated-files.hmap (in target 'focus_mac' from project 'focus_mac')
    cd /Users/genweimi/Desktop/flutter/ios/focus/focus_mac
    write-file /Users/genweimi/Library/Developer/Xcode/DerivedData/focus_mac-gezrtfymcbjartakpqfqclybqyak/Build/Intermediates.noindex/focus_mac.build/Debug/focus_mac.build/focus_mac-generated-files.hmap

WriteAuxiliaryFile /Users/genweimi/Library/Developer/Xcode/DerivedData/focus_mac-gezrtfymcbjartakpqfqclybqyak/Build/Intermediates.noindex/focus_mac.build/Debug/focus_mac.build/focus_mac.hmap (in target 'focus_mac' from project 'focus_mac')
    cd /Users/genweimi/Desktop/flutter/ios/focus/focus_mac
    write-file /Users/genweimi/Library/Developer/Xcode/DerivedData/focus_mac-gezrtfymcbjartakpqfqclybqyak/Build/Intermediates.noindex/focus_mac.build/Debug/focus_mac.build/focus_mac.hmap

WriteAuxiliaryFile /Users/genweimi/Library/Developer/Xcode/DerivedData/focus_mac-gezrtfymcbjartakpqfqclybqyak/Build/Intermediates.noindex/focus_mac.build/Debug/focus_mac.build/focus_mac.DependencyStaticMetadataFileList (in target 'focus_mac' from project 'focus_mac')
    cd /Users/genweimi/Desktop/flutter/ios/focus/focus_mac
    write-file /Users/genweimi/Library/Developer/Xcode/DerivedData/focus_mac-gezrtfymcbjartakpqfqclybqyak/Build/Intermediates.noindex/focus_mac.build/Debug/focus_mac.build/focus_mac.DependencyStaticMetadataFileList

WriteAuxiliaryFile /Users/genweimi/Library/Developer/Xcode/DerivedData/focus_mac-gezrtfymcbjartakpqfqclybqyak/Build/Intermediates.noindex/focus_mac.build/Debug/focus_mac.build/focus_mac.DependencyMetadataFileList (in target 'focus_mac' from project 'focus_mac')
    cd /Users/genweimi/Desktop/flutter/ios/focus/focus_mac
    write-file /Users/genweimi/Library/Developer/Xcode/DerivedData/focus_mac-gezrtfymcbjartakpqfqclybqyak/Build/Intermediates.noindex/focus_mac.build/Debug/focus_mac.build/focus_mac.DependencyMetadataFileList

WriteAuxiliaryFile /Users/genweimi/Library/Developer/Xcode/DerivedData/focus_mac-gezrtfymcbjartakpqfqclybqyak/Build/Intermediates.noindex/focus_mac.build/Debug/focus_mac.build/focus_mac-DebugDylibPath-normal-arm64.txt (in target 'focus_mac' from project 'focus_mac')
    cd /Users/genweimi/Desktop/flutter/ios/focus/focus_mac
    write-file /Users/genweimi/Library/Developer/Xcode/DerivedData/focus_mac-gezrtfymcbjartakpqfqclybqyak/Build/Intermediates.noindex/focus_mac.build/Debug/focus_mac.build/focus_mac-DebugDylibPath-normal-arm64.txt

WriteAuxiliaryFile /Users/genweimi/Library/Developer/Xcode/DerivedData/focus_mac-gezrtfymcbjartakpqfqclybqyak/Build/Intermediates.noindex/focus_mac.build/Debug/focus_mac.build/focus_mac-DebugDylibInstallName-normal-arm64.txt (in target 'focus_mac' from project 'focus_mac')
    cd /Users/genweimi/Desktop/flutter/ios/focus/focus_mac
    write-file /Users/genweimi/Library/Developer/Xcode/DerivedData/focus_mac-gezrtfymcbjartakpqfqclybqyak/Build/Intermediates.noindex/focus_mac.build/Debug/focus_mac.build/focus_mac-DebugDylibInstallName-normal-arm64.txt

WriteAuxiliaryFile /Users/genweimi/Library/Developer/Xcode/DerivedData/focus_mac-gezrtfymcbjartakpqfqclybqyak/Build/Intermediates.noindex/focus_mac.build/Debug/focus_mac.build/Objects-normal/arm64/focus_mac_const_extract_protocols.json (in target 'focus_mac' from project 'focus_mac')
    cd /Users/genweimi/Desktop/flutter/ios/focus/focus_mac
    write-file /Users/genweimi/Library/Developer/Xcode/DerivedData/focus_mac-gezrtfymcbjartakpqfqclybqyak/Build/Intermediates.noindex/focus_mac.build/Debug/focus_mac.build/Objects-normal/arm64/focus_mac_const_extract_protocols.json

WriteAuxiliaryFile /Users/genweimi/Library/Developer/Xcode/DerivedData/focus_mac-gezrtfymcbjartakpqfqclybqyak/Build/Intermediates.noindex/focus_mac.build/Debug/focus_mac.build/Objects-normal/arm64/focus_mac.SwiftFileList (in target 'focus_mac' from project 'focus_mac')
    cd /Users/genweimi/Desktop/flutter/ios/focus/focus_mac
    write-file /Users/genweimi/Library/Developer/Xcode/DerivedData/focus_mac-gezrtfymcbjartakpqfqclybqyak/Build/Intermediates.noindex/focus_mac.build/Debug/focus_mac.build/Objects-normal/arm64/focus_mac.SwiftFileList

WriteAuxiliaryFile /Users/genweimi/Library/Developer/Xcode/DerivedData/focus_mac-gezrtfymcbjartakpqfqclybqyak/Build/Intermediates.noindex/focus_mac.build/Debug/focus_mac.build/Objects-normal/arm64/focus_mac.SwiftConstValuesFileList (in target 'focus_mac' from project 'focus_mac')
    cd /Users/genweimi/Desktop/flutter/ios/focus/focus_mac
    write-file /Users/genweimi/Library/Developer/Xcode/DerivedData/focus_mac-gezrtfymcbjartakpqfqclybqyak/Build/Intermediates.noindex/focus_mac.build/Debug/focus_mac.build/Objects-normal/arm64/focus_mac.SwiftConstValuesFileList

WriteAuxiliaryFile /Users/genweimi/Library/Developer/Xcode/DerivedData/focus_mac-gezrtfymcbjartakpqfqclybqyak/Build/Intermediates.noindex/focus_mac.build/Debug/focus_mac.build/Objects-normal/arm64/focus_mac.LinkFileList (in target 'focus_mac' from project 'focus_mac')
    cd /Users/genweimi/Desktop/flutter/ios/focus/focus_mac
    write-file /Users/genweimi/Library/Developer/Xcode/DerivedData/focus_mac-gezrtfymcbjartakpqfqclybqyak/Build/Intermediates.noindex/focus_mac.build/Debug/focus_mac.build/Objects-normal/arm64/focus_mac.LinkFileList

WriteAuxiliaryFile /Users/genweimi/Library/Developer/Xcode/DerivedData/focus_mac-gezrtfymcbjartakpqfqclybqyak/Build/Intermediates.noindex/focus_mac.build/Debug/focus_mac.build/Objects-normal/arm64/focus_mac-OutputFileMap.json (in target 'focus_mac' from project 'focus_mac')
    cd /Users/genweimi/Desktop/flutter/ios/focus/focus_mac
    write-file /Users/genweimi/Library/Developer/Xcode/DerivedData/focus_mac-gezrtfymcbjartakpqfqclybqyak/Build/Intermediates.noindex/focus_mac.build/Debug/focus_mac.build/Objects-normal/arm64/focus_mac-OutputFileMap.json

WriteAuxiliaryFile /Users/genweimi/Library/Developer/Xcode/DerivedData/focus_mac-gezrtfymcbjartakpqfqclybqyak/Build/Intermediates.noindex/focus_mac.build/Debug/focus_mac.build/DerivedSources/Entitlements.plist (in target 'focus_mac' from project 'focus_mac')
    cd /Users/genweimi/Desktop/flutter/ios/focus/focus_mac
    write-file /Users/genweimi/Library/Developer/Xcode/DerivedData/focus_mac-gezrtfymcbjartakpqfqclybqyak/Build/Intermediates.noindex/focus_mac.build/Debug/focus_mac.build/DerivedSources/Entitlements.plist

MkDir /Users/genweimi/Library/Developer/Xcode/DerivedData/focus_mac-gezrtfymcbjartakpqfqclybqyak/Build/Products/Debug/focus_mac.app/Contents/Resources (in target 'focus_mac' from project 'focus_mac')
    cd /Users/genweimi/Desktop/flutter/ios/focus/focus_mac
    /bin/mkdir -p /Users/genweimi/Library/Developer/Xcode/DerivedData/focus_mac-gezrtfymcbjartakpqfqclybqyak/Build/Products/Debug/focus_mac.app/Contents/Resources

MkDir /Users/genweimi/Library/Developer/Xcode/DerivedData/focus_mac-gezrtfymcbjartakpqfqclybqyak/Build/Products/Debug/focus_mac.app/Contents/MacOS (in target 'focus_mac' from project 'focus_mac')
    cd /Users/genweimi/Desktop/flutter/ios/focus/focus_mac
    /bin/mkdir -p /Users/genweimi/Library/Developer/Xcode/DerivedData/focus_mac-gezrtfymcbjartakpqfqclybqyak/Build/Products/Debug/focus_mac.app/Contents/MacOS

MkDir /Users/genweimi/Library/Developer/Xcode/DerivedData/focus_mac-gezrtfymcbjartakpqfqclybqyak/Build/Products/Debug/focus_mac.app/Contents (in target 'focus_mac' from project 'focus_mac')
    cd /Users/genweimi/Desktop/flutter/ios/focus/focus_mac
    /bin/mkdir -p /Users/genweimi/Library/Developer/Xcode/DerivedData/focus_mac-gezrtfymcbjartakpqfqclybqyak/Build/Products/Debug/focus_mac.app/Contents

MkDir /Users/genweimi/Library/Developer/Xcode/DerivedData/focus_mac-gezrtfymcbjartakpqfqclybqyak/Build/Products/Debug/focus_mac.app (in target 'focus_mac' from project 'focus_mac')
    cd /Users/genweimi/Desktop/flutter/ios/focus/focus_mac
    /bin/mkdir -p /Users/genweimi/Library/Developer/Xcode/DerivedData/focus_mac-gezrtfymcbjartakpqfqclybqyak/Build/Products/Debug/focus_mac.app

ProcessProductPackaging /Users/genweimi/Library/Developer/Xcode/UserData/Provisioning\ Profiles/29acbc0b-7f69-4ced-b027-fcd44359801a.provisionprofile /Users/genweimi/Library/Developer/Xcode/DerivedData/focus_mac-gezrtfymcbjartakpqfqclybqyak/Build/Products/Debug/focus_mac.app/Contents/embedded.provisionprofile (in target 'focus_mac' from project 'focus_mac')
    cd /Users/genweimi/Desktop/flutter/ios/focus/focus_mac
    builtin-productPackagingUtility /Users/genweimi/Library/Developer/Xcode/UserData/Provisioning\ Profiles/29acbc0b-7f69-4ced-b027-fcd44359801a.provisionprofile -o /Users/genweimi/Library/Developer/Xcode/DerivedData/focus_mac-gezrtfymcbjartakpqfqclybqyak/Build/Products/Debug/focus_mac.app/Contents/embedded.provisionprofile

ProcessProductPackaging /Users/genweimi/Desktop/flutter/ios/focus/focus_mac/focus_mac/focus_mac.entitlements /Users/genweimi/Library/Developer/Xcode/DerivedData/focus_mac-gezrtfymcbjartakpqfqclybqyak/Build/Intermediates.noindex/focus_mac.build/Debug/focus_mac.build/focus_mac.app.xcent (in target 'focus_mac' from project 'focus_mac')
    cd /Users/genweimi/Desktop/flutter/ios/focus/focus_mac
    
    Entitlements:
    
    {
    "com.apple.application-identifier" = "U4AF57UZM2.com.mg.focus-mac";
    "com.apple.developer.team-identifier" = U4AF57UZM2;
    "com.apple.security.app-sandbox" = 1;
    "com.apple.security.device.camera" = 1;
    "com.apple.security.files.user-selected.read-only" = 1;
    "com.apple.security.files.user-selected.read-write" = 1;
    "com.apple.security.get-task-allow" = 1;
}
    
    builtin-productPackagingUtility /Users/genweimi/Desktop/flutter/ios/focus/focus_mac/focus_mac/focus_mac.entitlements -entitlements -format xml -o /Users/genweimi/Library/Developer/Xcode/DerivedData/focus_mac-gezrtfymcbjartakpqfqclybqyak/Build/Intermediates.noindex/focus_mac.build/Debug/focus_mac.build/focus_mac.app.xcent

ProcessProductPackagingDER /Users/genweimi/Library/Developer/Xcode/DerivedData/focus_mac-gezrtfymcbjartakpqfqclybqyak/Build/Intermediates.noindex/focus_mac.build/Debug/focus_mac.build/focus_mac.app.xcent /Users/genweimi/Library/Developer/Xcode/DerivedData/focus_mac-gezrtfymcbjartakpqfqclybqyak/Build/Intermediates.noindex/focus_mac.build/Debug/focus_mac.build/focus_mac.app.xcent.der (in target 'focus_mac' from project 'focus_mac')
    cd /Users/genweimi/Desktop/flutter/ios/focus/focus_mac
    /usr/bin/derq query -f xml -i /Users/genweimi/Library/Developer/Xcode/DerivedData/focus_mac-gezrtfymcbjartakpqfqclybqyak/Build/Intermediates.noindex/focus_mac.build/Debug/focus_mac.build/focus_mac.app.xcent -o /Users/genweimi/Library/Developer/Xcode/DerivedData/focus_mac-gezrtfymcbjartakpqfqclybqyak/Build/Intermediates.noindex/focus_mac.build/Debug/focus_mac.build/focus_mac.app.xcent.der --raw

Ld /Users/genweimi/Library/Developer/Xcode/DerivedData/focus_mac-gezrtfymcbjartakpqfqclybqyak/Build/Products/Debug/focus_mac.app/Contents/MacOS/__preview.dylib normal (in target 'focus_mac' from project 'focus_mac')
    cd /Users/genweimi/Desktop/flutter/ios/focus/focus_mac
    /Applications/Xcode.app/Contents/Developer/Toolchains/XcodeDefault.xctoolchain/usr/bin/clang -Xlinker -reproducible -target arm64-apple-macos13.0 -dynamiclib -isysroot /Applications/Xcode.app/Contents/Developer/Platforms/MacOSX.platform/Developer/SDKs/MacOSX26.2.sdk -O0 -L/Users/genweimi/Library/Developer/Xcode/DerivedData/focus_mac-gezrtfymcbjartakpqfqclybqyak/Build/Products/Debug -F/Users/genweimi/Library/Developer/Xcode/DerivedData/focus_mac-gezrtfymcbjartakpqfqclybqyak/Build/Products/Debug -install_name @rpath/focus_mac.debug.dylib -rdynamic -Xlinker -no_deduplicate -Xlinker -debug_variant -Xlinker -dependency_info -Xlinker /Users/genweimi/Library/Developer/Xcode/DerivedData/focus_mac-gezrtfymcbjartakpqfqclybqyak/Build/Intermediates.noindex/focus_mac.build/Debug/focus_mac.build/Objects-normal/arm64/focus_mac_dependency_info.dat -Xlinker -no_adhoc_codesign -o /Users/genweimi/Library/Developer/Xcode/DerivedData/focus_mac-gezrtfymcbjartakpqfqclybqyak/Build/Products/Debug/focus_mac.app/Contents/MacOS/__preview.dylib

MkDir /Users/genweimi/Library/Developer/Xcode/DerivedData/focus_mac-gezrtfymcbjartakpqfqclybqyak/Build/Intermediates.noindex/focus_mac.build/Debug/focus_mac.build/assetcatalog_output/thinned (in target 'focus_mac' from project 'focus_mac')
    cd /Users/genweimi/Desktop/flutter/ios/focus/focus_mac
    /bin/mkdir -p /Users/genweimi/Library/Developer/Xcode/DerivedData/focus_mac-gezrtfymcbjartakpqfqclybqyak/Build/Intermediates.noindex/focus_mac.build/Debug/focus_mac.build/assetcatalog_output/thinned

MkDir /Users/genweimi/Library/Developer/Xcode/DerivedData/focus_mac-gezrtfymcbjartakpqfqclybqyak/Build/Intermediates.noindex/focus_mac.build/Debug/focus_mac.build/assetcatalog_output/unthinned (in target 'focus_mac' from project 'focus_mac')
    cd /Users/genweimi/Desktop/flutter/ios/focus/focus_mac
    /bin/mkdir -p /Users/genweimi/Library/Developer/Xcode/DerivedData/focus_mac-gezrtfymcbjartakpqfqclybqyak/Build/Intermediates.noindex/focus_mac.build/Debug/focus_mac.build/assetcatalog_output/unthinned

CpResource /Users/genweimi/Library/Developer/Xcode/DerivedData/focus_mac-gezrtfymcbjartakpqfqclybqyak/Build/Products/Debug/focus_mac.app/Contents/Resources/alert_triple.mp3 /Users/genweimi/Desktop/flutter/ios/focus/focus_mac/focus_mac/Resources/Sounds/alert_triple.mp3 (in target 'focus_mac' from project 'focus_mac')
    cd /Users/genweimi/Desktop/flutter/ios/focus/focus_mac
    builtin-copy -exclude .DS_Store -exclude CVS -exclude .svn -exclude .git -exclude .hg -resolve-src-symlinks /Users/genweimi/Desktop/flutter/ios/focus/focus_mac/focus_mac/Resources/Sounds/alert_triple.mp3 /Users/genweimi/Library/Developer/Xcode/DerivedData/focus_mac-gezrtfymcbjartakpqfqclybqyak/Build/Products/Debug/focus_mac.app/Contents/Resources

GenerateAssetSymbols /Users/genweimi/Desktop/flutter/ios/focus/focus_mac/focus_mac/Assets.xcassets (in target 'focus_mac' from project 'focus_mac')
    cd /Users/genweimi/Desktop/flutter/ios/focus/focus_mac
    /Applications/Xcode.app/Contents/Developer/usr/bin/actool /Users/genweimi/Desktop/flutter/ios/focus/focus_mac/focus_mac/Assets.xcassets --compile /Users/genweimi/Library/Developer/Xcode/DerivedData/focus_mac-gezrtfymcbjartakpqfqclybqyak/Build/Products/Debug/focus_mac.app/Contents/Resources --output-format human-readable-text --notices --warnings --export-dependency-info /Users/genweimi/Library/Developer/Xcode/DerivedData/focus_mac-gezrtfymcbjartakpqfqclybqyak/Build/Intermediates.noindex/focus_mac.build/Debug/focus_mac.build/assetcatalog_dependencies --output-partial-info-plist /Users/genweimi/Library/Developer/Xcode/DerivedData/focus_mac-gezrtfymcbjartakpqfqclybqyak/Build/Intermediates.noindex/focus_mac.build/Debug/focus_mac.build/assetcatalog_generated_info.plist --app-icon AppIcon --include-all-app-icons --accent-color AccentColor --enable-on-demand-resources NO --development-region en --target-device mac --minimum-deployment-target 13.0 --platform macosx --bundle-identifier com.mg.focus-mac --generate-swift-asset-symbols /Users/genweimi/Library/Developer/Xcode/DerivedData/focus_mac-gezrtfymcbjartakpqfqclybqyak/Build/Intermediates.noindex/focus_mac.build/Debug/focus_mac.build/DerivedSources/GeneratedAssetSymbols.swift --generate-objc-asset-symbols /Users/genweimi/Library/Developer/Xcode/DerivedData/focus_mac-gezrtfymcbjartakpqfqclybqyak/Build/Intermediates.noindex/focus_mac.build/Debug/focus_mac.build/DerivedSources/GeneratedAssetSymbols.h --generate-asset-symbol-index /Users/genweimi/Library/Developer/Xcode/DerivedData/focus_mac-gezrtfymcbjartakpqfqclybqyak/Build/Intermediates.noindex/focus_mac.build/Debug/focus_mac.build/DerivedSources/GeneratedAssetSymbols-Index.plist
/* com.apple.actool.compilation-results */
/Users/genweimi/Library/Developer/Xcode/DerivedData/focus_mac-gezrtfymcbjartakpqfqclybqyak/Build/Intermediates.noindex/focus_mac.build/Debug/focus_mac.build/DerivedSources/GeneratedAssetSymbols-Index.plist
/Users/genweimi/Library/Developer/Xcode/DerivedData/focus_mac-gezrtfymcbjartakpqfqclybqyak/Build/Intermediates.noindex/focus_mac.build/Debug/focus_mac.build/DerivedSources/GeneratedAssetSymbols.h
/Users/genweimi/Library/Developer/Xcode/DerivedData/focus_mac-gezrtfymcbjartakpqfqclybqyak/Build/Intermediates.noindex/focus_mac.build/Debug/focus_mac.build/DerivedSources/GeneratedAssetSymbols.swift


CopyStringsFile /Users/genweimi/Library/Developer/Xcode/DerivedData/focus_mac-gezrtfymcbjartakpqfqclybqyak/Build/Products/Debug/focus_mac.app/Contents/Resources/zh-Hans.lproj/Localizable.strings /Users/genweimi/Desktop/flutter/ios/focus/focus_mac/focus_mac/Resources/zh-Hans.lproj/Localizable.strings (in target 'focus_mac' from project 'focus_mac')
    cd /Users/genweimi/Desktop/flutter/ios/focus/focus_mac
    builtin-copyStrings --validate --outputencoding UTF-16 --outfilename Localizable.strings --outdir /Users/genweimi/Library/Developer/Xcode/DerivedData/focus_mac-gezrtfymcbjartakpqfqclybqyak/Build/Products/Debug/focus_mac.app/Contents/Resources/zh-Hans.lproj -- /Users/genweimi/Desktop/flutter/ios/focus/focus_mac/focus_mac/Resources/zh-Hans.lproj/Localizable.strings
/Users/genweimi/Desktop/flutter/ios/focus/focus_mac/focus_mac/Resources/zh-Hans.lproj/Localizable.strings:1:1: note: detected encoding of input file as Unicode (UTF-8) (in target 'focus_mac' from project 'focus_mac')

CopyStringsFile /Users/genweimi/Library/Developer/Xcode/DerivedData/focus_mac-gezrtfymcbjartakpqfqclybqyak/Build/Products/Debug/focus_mac.app/Contents/Resources/zh-Hans.lproj/InfoPlist.strings /Users/genweimi/Desktop/flutter/ios/focus/focus_mac/focus_mac/Resources/zh-Hans.lproj/InfoPlist.strings (in target 'focus_mac' from project 'focus_mac')
    cd /Users/genweimi/Desktop/flutter/ios/focus/focus_mac
    builtin-copyStrings --validate --outputencoding UTF-16 --outfilename InfoPlist.strings --outdir /Users/genweimi/Library/Developer/Xcode/DerivedData/focus_mac-gezrtfymcbjartakpqfqclybqyak/Build/Products/Debug/focus_mac.app/Contents/Resources/zh-Hans.lproj -- /Users/genweimi/Desktop/flutter/ios/focus/focus_mac/focus_mac/Resources/zh-Hans.lproj/InfoPlist.strings
/Users/genweimi/Desktop/flutter/ios/focus/focus_mac/focus_mac/Resources/zh-Hans.lproj/InfoPlist.strings:1:1: note: detected encoding of input file as Unicode (UTF-8) (in target 'focus_mac' from project 'focus_mac')

CopyStringsFile /Users/genweimi/Library/Developer/Xcode/DerivedData/focus_mac-gezrtfymcbjartakpqfqclybqyak/Build/Products/Debug/focus_mac.app/Contents/Resources/ru.lproj/Localizable.strings /Users/genweimi/Desktop/flutter/ios/focus/focus_mac/focus_mac/Resources/ru.lproj/Localizable.strings (in target 'focus_mac' from project 'focus_mac')
    cd /Users/genweimi/Desktop/flutter/ios/focus/focus_mac
    builtin-copyStrings --validate --outputencoding UTF-16 --outfilename Localizable.strings --outdir /Users/genweimi/Library/Developer/Xcode/DerivedData/focus_mac-gezrtfymcbjartakpqfqclybqyak/Build/Products/Debug/focus_mac.app/Contents/Resources/ru.lproj -- /Users/genweimi/Desktop/flutter/ios/focus/focus_mac/focus_mac/Resources/ru.lproj/Localizable.strings
/Users/genweimi/Desktop/flutter/ios/focus/focus_mac/focus_mac/Resources/ru.lproj/Localizable.strings:1:1: note: detected encoding of input file as Unicode (UTF-8) (in target 'focus_mac' from project 'focus_mac')

CopyStringsFile /Users/genweimi/Library/Developer/Xcode/DerivedData/focus_mac-gezrtfymcbjartakpqfqclybqyak/Build/Products/Debug/focus_mac.app/Contents/Resources/ru.lproj/InfoPlist.strings /Users/genweimi/Desktop/flutter/ios/focus/focus_mac/focus_mac/Resources/ru.lproj/InfoPlist.strings (in target 'focus_mac' from project 'focus_mac')
    cd /Users/genweimi/Desktop/flutter/ios/focus/focus_mac
    builtin-copyStrings --validate --outputencoding UTF-16 --outfilename InfoPlist.strings --outdir /Users/genweimi/Library/Developer/Xcode/DerivedData/focus_mac-gezrtfymcbjartakpqfqclybqyak/Build/Products/Debug/focus_mac.app/Contents/Resources/ru.lproj -- /Users/genweimi/Desktop/flutter/ios/focus/focus_mac/focus_mac/Resources/ru.lproj/InfoPlist.strings
/Users/genweimi/Desktop/flutter/ios/focus/focus_mac/focus_mac/Resources/ru.lproj/InfoPlist.strings:1:1: note: detected encoding of input file as Unicode (UTF-8) (in target 'focus_mac' from project 'focus_mac')

CopyStringsFile /Users/genweimi/Library/Developer/Xcode/DerivedData/focus_mac-gezrtfymcbjartakpqfqclybqyak/Build/Products/Debug/focus_mac.app/Contents/Resources/pt-BR.lproj/Localizable.strings /Users/genweimi/Desktop/flutter/ios/focus/focus_mac/focus_mac/Resources/pt-BR.lproj/Localizable.strings (in target 'focus_mac' from project 'focus_mac')
    cd /Users/genweimi/Desktop/flutter/ios/focus/focus_mac
    builtin-copyStrings --validate --outputencoding UTF-16 --outfilename Localizable.strings --outdir /Users/genweimi/Library/Developer/Xcode/DerivedData/focus_mac-gezrtfymcbjartakpqfqclybqyak/Build/Products/Debug/focus_mac.app/Contents/Resources/pt-BR.lproj -- /Users/genweimi/Desktop/flutter/ios/focus/focus_mac/focus_mac/Resources/pt-BR.lproj/Localizable.strings
/Users/genweimi/Desktop/flutter/ios/focus/focus_mac/focus_mac/Resources/pt-BR.lproj/Localizable.strings:1:1: note: detected encoding of input file as Unicode (UTF-8) (in target 'focus_mac' from project 'focus_mac')

CopyStringsFile /Users/genweimi/Library/Developer/Xcode/DerivedData/focus_mac-gezrtfymcbjartakpqfqclybqyak/Build/Products/Debug/focus_mac.app/Contents/Resources/pt-BR.lproj/InfoPlist.strings /Users/genweimi/Desktop/flutter/ios/focus/focus_mac/focus_mac/Resources/pt-BR.lproj/InfoPlist.strings (in target 'focus_mac' from project 'focus_mac')
    cd /Users/genweimi/Desktop/flutter/ios/focus/focus_mac
    builtin-copyStrings --validate --outputencoding UTF-16 --outfilename InfoPlist.strings --outdir /Users/genweimi/Library/Developer/Xcode/DerivedData/focus_mac-gezrtfymcbjartakpqfqclybqyak/Build/Products/Debug/focus_mac.app/Contents/Resources/pt-BR.lproj -- /Users/genweimi/Desktop/flutter/ios/focus/focus_mac/focus_mac/Resources/pt-BR.lproj/InfoPlist.strings
/Users/genweimi/Desktop/flutter/ios/focus/focus_mac/focus_mac/Resources/pt-BR.lproj/InfoPlist.strings:1:1: note: detected encoding of input file as Unicode (UTF-8) (in target 'focus_mac' from project 'focus_mac')

CopyStringsFile /Users/genweimi/Library/Developer/Xcode/DerivedData/focus_mac-gezrtfymcbjartakpqfqclybqyak/Build/Products/Debug/focus_mac.app/Contents/Resources/ko.lproj/Localizable.strings /Users/genweimi/Desktop/flutter/ios/focus/focus_mac/focus_mac/Resources/ko.lproj/Localizable.strings (in target 'focus_mac' from project 'focus_mac')
    cd /Users/genweimi/Desktop/flutter/ios/focus/focus_mac
    builtin-copyStrings --validate --outputencoding UTF-16 --outfilename Localizable.strings --outdir /Users/genweimi/Library/Developer/Xcode/DerivedData/focus_mac-gezrtfymcbjartakpqfqclybqyak/Build/Products/Debug/focus_mac.app/Contents/Resources/ko.lproj -- /Users/genweimi/Desktop/flutter/ios/focus/focus_mac/focus_mac/Resources/ko.lproj/Localizable.strings
/Users/genweimi/Desktop/flutter/ios/focus/focus_mac/focus_mac/Resources/ko.lproj/Localizable.strings:1:1: note: detected encoding of input file as Unicode (UTF-8) (in target 'focus_mac' from project 'focus_mac')

CopyStringsFile /Users/genweimi/Library/Developer/Xcode/DerivedData/focus_mac-gezrtfymcbjartakpqfqclybqyak/Build/Products/Debug/focus_mac.app/Contents/Resources/ko.lproj/InfoPlist.strings /Users/genweimi/Desktop/flutter/ios/focus/focus_mac/focus_mac/Resources/ko.lproj/InfoPlist.strings (in target 'focus_mac' from project 'focus_mac')
    cd /Users/genweimi/Desktop/flutter/ios/focus/focus_mac
    builtin-copyStrings --validate --outputencoding UTF-16 --outfilename InfoPlist.strings --outdir /Users/genweimi/Library/Developer/Xcode/DerivedData/focus_mac-gezrtfymcbjartakpqfqclybqyak/Build/Products/Debug/focus_mac.app/Contents/Resources/ko.lproj -- /Users/genweimi/Desktop/flutter/ios/focus/focus_mac/focus_mac/Resources/ko.lproj/InfoPlist.strings
/Users/genweimi/Desktop/flutter/ios/focus/focus_mac/focus_mac/Resources/ko.lproj/InfoPlist.strings:1:1: note: detected encoding of input file as Unicode (UTF-8) (in target 'focus_mac' from project 'focus_mac')

CopyStringsFile /Users/genweimi/Library/Developer/Xcode/DerivedData/focus_mac-gezrtfymcbjartakpqfqclybqyak/Build/Products/Debug/focus_mac.app/Contents/Resources/ja.lproj/Localizable.strings /Users/genweimi/Desktop/flutter/ios/focus/focus_mac/focus_mac/Resources/ja.lproj/Localizable.strings (in target 'focus_mac' from project 'focus_mac')
    cd /Users/genweimi/Desktop/flutter/ios/focus/focus_mac
    builtin-copyStrings --validate --outputencoding UTF-16 --outfilename Localizable.strings --outdir /Users/genweimi/Library/Developer/Xcode/DerivedData/focus_mac-gezrtfymcbjartakpqfqclybqyak/Build/Products/Debug/focus_mac.app/Contents/Resources/ja.lproj -- /Users/genweimi/Desktop/flutter/ios/focus/focus_mac/focus_mac/Resources/ja.lproj/Localizable.strings
/Users/genweimi/Desktop/flutter/ios/focus/focus_mac/focus_mac/Resources/ja.lproj/Localizable.strings:1:1: note: detected encoding of input file as Unicode (UTF-8) (in target 'focus_mac' from project 'focus_mac')

CopyStringsFile /Users/genweimi/Library/Developer/Xcode/DerivedData/focus_mac-gezrtfymcbjartakpqfqclybqyak/Build/Products/Debug/focus_mac.app/Contents/Resources/ja.lproj/InfoPlist.strings /Users/genweimi/Desktop/flutter/ios/focus/focus_mac/focus_mac/Resources/ja.lproj/InfoPlist.strings (in target 'focus_mac' from project 'focus_mac')
    cd /Users/genweimi/Desktop/flutter/ios/focus/focus_mac
    builtin-copyStrings --validate --outputencoding UTF-16 --outfilename InfoPlist.strings --outdir /Users/genweimi/Library/Developer/Xcode/DerivedData/focus_mac-gezrtfymcbjartakpqfqclybqyak/Build/Products/Debug/focus_mac.app/Contents/Resources/ja.lproj -- /Users/genweimi/Desktop/flutter/ios/focus/focus_mac/focus_mac/Resources/ja.lproj/InfoPlist.strings
/Users/genweimi/Desktop/flutter/ios/focus/focus_mac/focus_mac/Resources/ja.lproj/InfoPlist.strings:1:1: note: detected encoding of input file as Unicode (UTF-8) (in target 'focus_mac' from project 'focus_mac')

CopyStringsFile /Users/genweimi/Library/Developer/Xcode/DerivedData/focus_mac-gezrtfymcbjartakpqfqclybqyak/Build/Products/Debug/focus_mac.app/Contents/Resources/it.lproj/Localizable.strings /Users/genweimi/Desktop/flutter/ios/focus/focus_mac/focus_mac/Resources/it.lproj/Localizable.strings (in target 'focus_mac' from project 'focus_mac')
    cd /Users/genweimi/Desktop/flutter/ios/focus/focus_mac
    builtin-copyStrings --validate --outputencoding UTF-16 --outfilename Localizable.strings --outdir /Users/genweimi/Library/Developer/Xcode/DerivedData/focus_mac-gezrtfymcbjartakpqfqclybqyak/Build/Products/Debug/focus_mac.app/Contents/Resources/it.lproj -- /Users/genweimi/Desktop/flutter/ios/focus/focus_mac/focus_mac/Resources/it.lproj/Localizable.strings
/Users/genweimi/Desktop/flutter/ios/focus/focus_mac/focus_mac/Resources/it.lproj/Localizable.strings:1:1: note: detected encoding of input file as Unicode (UTF-8) (in target 'focus_mac' from project 'focus_mac')

CopyStringsFile /Users/genweimi/Library/Developer/Xcode/DerivedData/focus_mac-gezrtfymcbjartakpqfqclybqyak/Build/Products/Debug/focus_mac.app/Contents/Resources/it.lproj/InfoPlist.strings /Users/genweimi/Desktop/flutter/ios/focus/focus_mac/focus_mac/Resources/it.lproj/InfoPlist.strings (in target 'focus_mac' from project 'focus_mac')
    cd /Users/genweimi/Desktop/flutter/ios/focus/focus_mac
    builtin-copyStrings --validate --outputencoding UTF-16 --outfilename InfoPlist.strings --outdir /Users/genweimi/Library/Developer/Xcode/DerivedData/focus_mac-gezrtfymcbjartakpqfqclybqyak/Build/Products/Debug/focus_mac.app/Contents/Resources/it.lproj -- /Users/genweimi/Desktop/flutter/ios/focus/focus_mac/focus_mac/Resources/it.lproj/InfoPlist.strings
/Users/genweimi/Desktop/flutter/ios/focus/focus_mac/focus_mac/Resources/it.lproj/InfoPlist.strings:1:1: note: detected encoding of input file as Unicode (UTF-8) (in target 'focus_mac' from project 'focus_mac')

CopyStringsFile /Users/genweimi/Library/Developer/Xcode/DerivedData/focus_mac-gezrtfymcbjartakpqfqclybqyak/Build/Products/Debug/focus_mac.app/Contents/Resources/fr.lproj/InfoPlist.strings /Users/genweimi/Desktop/flutter/ios/focus/focus_mac/focus_mac/Resources/fr.lproj/InfoPlist.strings (in target 'focus_mac' from project 'focus_mac')
    cd /Users/genweimi/Desktop/flutter/ios/focus/focus_mac
    builtin-copyStrings --validate --outputencoding UTF-16 --outfilename InfoPlist.strings --outdir /Users/genweimi/Library/Developer/Xcode/DerivedData/focus_mac-gezrtfymcbjartakpqfqclybqyak/Build/Products/Debug/focus_mac.app/Contents/Resources/fr.lproj -- /Users/genweimi/Desktop/flutter/ios/focus/focus_mac/focus_mac/Resources/fr.lproj/InfoPlist.strings
/Users/genweimi/Desktop/flutter/ios/focus/focus_mac/focus_mac/Resources/fr.lproj/InfoPlist.strings:1:1: note: detected encoding of input file as Unicode (UTF-8) (in target 'focus_mac' from project 'focus_mac')

CopyStringsFile /Users/genweimi/Library/Developer/Xcode/DerivedData/focus_mac-gezrtfymcbjartakpqfqclybqyak/Build/Products/Debug/focus_mac.app/Contents/Resources/fr.lproj/Localizable.strings /Users/genweimi/Desktop/flutter/ios/focus/focus_mac/focus_mac/Resources/fr.lproj/Localizable.strings (in target 'focus_mac' from project 'focus_mac')
    cd /Users/genweimi/Desktop/flutter/ios/focus/focus_mac
    builtin-copyStrings --validate --outputencoding UTF-16 --outfilename Localizable.strings --outdir /Users/genweimi/Library/Developer/Xcode/DerivedData/focus_mac-gezrtfymcbjartakpqfqclybqyak/Build/Products/Debug/focus_mac.app/Contents/Resources/fr.lproj -- /Users/genweimi/Desktop/flutter/ios/focus/focus_mac/focus_mac/Resources/fr.lproj/Localizable.strings
/Users/genweimi/Desktop/flutter/ios/focus/focus_mac/focus_mac/Resources/fr.lproj/Localizable.strings:1:1: note: detected encoding of input file as Unicode (UTF-8) (in target 'focus_mac' from project 'focus_mac')

CopyStringsFile /Users/genweimi/Library/Developer/Xcode/DerivedData/focus_mac-gezrtfymcbjartakpqfqclybqyak/Build/Products/Debug/focus_mac.app/Contents/Resources/es.lproj/Localizable.strings /Users/genweimi/Desktop/flutter/ios/focus/focus_mac/focus_mac/Resources/es.lproj/Localizable.strings (in target 'focus_mac' from project 'focus_mac')
    cd /Users/genweimi/Desktop/flutter/ios/focus/focus_mac
    builtin-copyStrings --validate --outputencoding UTF-16 --outfilename Localizable.strings --outdir /Users/genweimi/Library/Developer/Xcode/DerivedData/focus_mac-gezrtfymcbjartakpqfqclybqyak/Build/Products/Debug/focus_mac.app/Contents/Resources/es.lproj -- /Users/genweimi/Desktop/flutter/ios/focus/focus_mac/focus_mac/Resources/es.lproj/Localizable.strings
/Users/genweimi/Desktop/flutter/ios/focus/focus_mac/focus_mac/Resources/es.lproj/Localizable.strings:1:1: note: detected encoding of input file as Unicode (UTF-8) (in target 'focus_mac' from project 'focus_mac')

CopyStringsFile /Users/genweimi/Library/Developer/Xcode/DerivedData/focus_mac-gezrtfymcbjartakpqfqclybqyak/Build/Products/Debug/focus_mac.app/Contents/Resources/es.lproj/InfoPlist.strings /Users/genweimi/Desktop/flutter/ios/focus/focus_mac/focus_mac/Resources/es.lproj/InfoPlist.strings (in target 'focus_mac' from project 'focus_mac')
    cd /Users/genweimi/Desktop/flutter/ios/focus/focus_mac
    builtin-copyStrings --validate --outputencoding UTF-16 --outfilename InfoPlist.strings --outdir /Users/genweimi/Library/Developer/Xcode/DerivedData/focus_mac-gezrtfymcbjartakpqfqclybqyak/Build/Products/Debug/focus_mac.app/Contents/Resources/es.lproj -- /Users/genweimi/Desktop/flutter/ios/focus/focus_mac/focus_mac/Resources/es.lproj/InfoPlist.strings
/Users/genweimi/Desktop/flutter/ios/focus/focus_mac/focus_mac/Resources/es.lproj/InfoPlist.strings:1:1: note: detected encoding of input file as Unicode (UTF-8) (in target 'focus_mac' from project 'focus_mac')

CopyStringsFile /Users/genweimi/Library/Developer/Xcode/DerivedData/focus_mac-gezrtfymcbjartakpqfqclybqyak/Build/Products/Debug/focus_mac.app/Contents/Resources/en.lproj/Localizable.strings /Users/genweimi/Desktop/flutter/ios/focus/focus_mac/focus_mac/Resources/en.lproj/Localizable.strings (in target 'focus_mac' from project 'focus_mac')
    cd /Users/genweimi/Desktop/flutter/ios/focus/focus_mac
    builtin-copyStrings --validate --outputencoding UTF-16 --outfilename Localizable.strings --outdir /Users/genweimi/Library/Developer/Xcode/DerivedData/focus_mac-gezrtfymcbjartakpqfqclybqyak/Build/Products/Debug/focus_mac.app/Contents/Resources/en.lproj -- /Users/genweimi/Desktop/flutter/ios/focus/focus_mac/focus_mac/Resources/en.lproj/Localizable.strings
/Users/genweimi/Desktop/flutter/ios/focus/focus_mac/focus_mac/Resources/en.lproj/Localizable.strings:1:1: note: detected encoding of input file as Unicode (UTF-8) (in target 'focus_mac' from project 'focus_mac')

CopyStringsFile /Users/genweimi/Library/Developer/Xcode/DerivedData/focus_mac-gezrtfymcbjartakpqfqclybqyak/Build/Products/Debug/focus_mac.app/Contents/Resources/en.lproj/InfoPlist.strings /Users/genweimi/Desktop/flutter/ios/focus/focus_mac/focus_mac/Resources/en.lproj/InfoPlist.strings (in target 'focus_mac' from project 'focus_mac')
    cd /Users/genweimi/Desktop/flutter/ios/focus/focus_mac
    builtin-copyStrings --validate --outputencoding UTF-16 --outfilename InfoPlist.strings --outdir /Users/genweimi/Library/Developer/Xcode/DerivedData/focus_mac-gezrtfymcbjartakpqfqclybqyak/Build/Products/Debug/focus_mac.app/Contents/Resources/en.lproj -- /Users/genweimi/Desktop/flutter/ios/focus/focus_mac/focus_mac/Resources/en.lproj/InfoPlist.strings
/Users/genweimi/Desktop/flutter/ios/focus/focus_mac/focus_mac/Resources/en.lproj/InfoPlist.strings:1:1: note: detected encoding of input file as Unicode (UTF-8) (in target 'focus_mac' from project 'focus_mac')

CopyStringsFile /Users/genweimi/Library/Developer/Xcode/DerivedData/focus_mac-gezrtfymcbjartakpqfqclybqyak/Build/Products/Debug/focus_mac.app/Contents/Resources/de.lproj/Localizable.strings /Users/genweimi/Desktop/flutter/ios/focus/focus_mac/focus_mac/Resources/de.lproj/Localizable.strings (in target 'focus_mac' from project 'focus_mac')
    cd /Users/genweimi/Desktop/flutter/ios/focus/focus_mac
    builtin-copyStrings --validate --outputencoding UTF-16 --outfilename Localizable.strings --outdir /Users/genweimi/Library/Developer/Xcode/DerivedData/focus_mac-gezrtfymcbjartakpqfqclybqyak/Build/Products/Debug/focus_mac.app/Contents/Resources/de.lproj -- /Users/genweimi/Desktop/flutter/ios/focus/focus_mac/focus_mac/Resources/de.lproj/Localizable.strings
/Users/genweimi/Desktop/flutter/ios/focus/focus_mac/focus_mac/Resources/de.lproj/Localizable.strings:1:1: note: detected encoding of input file as Unicode (UTF-8) (in target 'focus_mac' from project 'focus_mac')

CopyStringsFile /Users/genweimi/Library/Developer/Xcode/DerivedData/focus_mac-gezrtfymcbjartakpqfqclybqyak/Build/Products/Debug/focus_mac.app/Contents/Resources/de.lproj/InfoPlist.strings /Users/genweimi/Desktop/flutter/ios/focus/focus_mac/focus_mac/Resources/de.lproj/InfoPlist.strings (in target 'focus_mac' from project 'focus_mac')
    cd /Users/genweimi/Desktop/flutter/ios/focus/focus_mac
    builtin-copyStrings --validate --outputencoding UTF-16 --outfilename InfoPlist.strings --outdir /Users/genweimi/Library/Developer/Xcode/DerivedData/focus_mac-gezrtfymcbjartakpqfqclybqyak/Build/Products/Debug/focus_mac.app/Contents/Resources/de.lproj -- /Users/genweimi/Desktop/flutter/ios/focus/focus_mac/focus_mac/Resources/de.lproj/InfoPlist.strings
/Users/genweimi/Desktop/flutter/ios/focus/focus_mac/focus_mac/Resources/de.lproj/InfoPlist.strings:1:1: note: detected encoding of input file as Unicode (UTF-8) (in target 'focus_mac' from project 'focus_mac')

CopyStringsFile /Users/genweimi/Library/Developer/Xcode/DerivedData/focus_mac-gezrtfymcbjartakpqfqclybqyak/Build/Products/Debug/focus_mac.app/Contents/Resources/ar.lproj/Localizable.strings /Users/genweimi/Desktop/flutter/ios/focus/focus_mac/focus_mac/Resources/ar.lproj/Localizable.strings (in target 'focus_mac' from project 'focus_mac')
    cd /Users/genweimi/Desktop/flutter/ios/focus/focus_mac
    builtin-copyStrings --validate --outputencoding UTF-16 --outfilename Localizable.strings --outdir /Users/genweimi/Library/Developer/Xcode/DerivedData/focus_mac-gezrtfymcbjartakpqfqclybqyak/Build/Products/Debug/focus_mac.app/Contents/Resources/ar.lproj -- /Users/genweimi/Desktop/flutter/ios/focus/focus_mac/focus_mac/Resources/ar.lproj/Localizable.strings
/Users/genweimi/Desktop/flutter/ios/focus/focus_mac/focus_mac/Resources/ar.lproj/Localizable.strings:1:1: note: detected encoding of input file as Unicode (UTF-8) (in target 'focus_mac' from project 'focus_mac')

CopyStringsFile /Users/genweimi/Library/Developer/Xcode/DerivedData/focus_mac-gezrtfymcbjartakpqfqclybqyak/Build/Products/Debug/focus_mac.app/Contents/Resources/ar.lproj/InfoPlist.strings /Users/genweimi/Desktop/flutter/ios/focus/focus_mac/focus_mac/Resources/ar.lproj/InfoPlist.strings (in target 'focus_mac' from project 'focus_mac')
    cd /Users/genweimi/Desktop/flutter/ios/focus/focus_mac
    builtin-copyStrings --validate --outputencoding UTF-16 --outfilename InfoPlist.strings --outdir /Users/genweimi/Library/Developer/Xcode/DerivedData/focus_mac-gezrtfymcbjartakpqfqclybqyak/Build/Products/Debug/focus_mac.app/Contents/Resources/ar.lproj -- /Users/genweimi/Desktop/flutter/ios/focus/focus_mac/focus_mac/Resources/ar.lproj/InfoPlist.strings
/Users/genweimi/Desktop/flutter/ios/focus/focus_mac/focus_mac/Resources/ar.lproj/InfoPlist.strings:1:1: note: detected encoding of input file as Unicode (UTF-8) (in target 'focus_mac' from project 'focus_mac')

CompileAssetCatalogVariant thinned /Users/genweimi/Library/Developer/Xcode/DerivedData/focus_mac-gezrtfymcbjartakpqfqclybqyak/Build/Products/Debug/focus_mac.app/Contents/Resources /Users/genweimi/Desktop/flutter/ios/focus/focus_mac/focus_mac/Assets.xcassets (in target 'focus_mac' from project 'focus_mac')
    cd /Users/genweimi/Desktop/flutter/ios/focus/focus_mac
    /Applications/Xcode.app/Contents/Developer/usr/bin/actool /Users/genweimi/Desktop/flutter/ios/focus/focus_mac/focus_mac/Assets.xcassets --compile /Users/genweimi/Library/Developer/Xcode/DerivedData/focus_mac-gezrtfymcbjartakpqfqclybqyak/Build/Intermediates.noindex/focus_mac.build/Debug/focus_mac.build/assetcatalog_output/thinned --output-format human-readable-text --notices --warnings --export-dependency-info /Users/genweimi/Library/Developer/Xcode/DerivedData/focus_mac-gezrtfymcbjartakpqfqclybqyak/Build/Intermediates.noindex/focus_mac.build/Debug/focus_mac.build/assetcatalog_dependencies_thinned --output-partial-info-plist /Users/genweimi/Library/Developer/Xcode/DerivedData/focus_mac-gezrtfymcbjartakpqfqclybqyak/Build/Intermediates.noindex/focus_mac.build/Debug/focus_mac.build/assetcatalog_generated_info.plist_thinned --app-icon AppIcon --include-all-app-icons --accent-color AccentColor --enable-on-demand-resources NO --development-region en --target-device mac --minimum-deployment-target 13.0 --platform macosx
/* com.apple.actool.compilation-results */
/Users/genweimi/Library/Developer/Xcode/DerivedData/focus_mac-gezrtfymcbjartakpqfqclybqyak/Build/Intermediates.noindex/focus_mac.build/Debug/focus_mac.build/assetcatalog_generated_info.plist_thinned
/Users/genweimi/Library/Developer/Xcode/DerivedData/focus_mac-gezrtfymcbjartakpqfqclybqyak/Build/Intermediates.noindex/focus_mac.build/Debug/focus_mac.build/assetcatalog_output/thinned/AppIcon.icns
/Users/genweimi/Library/Developer/Xcode/DerivedData/focus_mac-gezrtfymcbjartakpqfqclybqyak/Build/Intermediates.noindex/focus_mac.build/Debug/focus_mac.build/assetcatalog_output/thinned/Assets.car


SwiftDriver focus_mac normal arm64 com.apple.xcode.tools.swift.compiler (in target 'focus_mac' from project 'focus_mac')
    cd /Users/genweimi/Desktop/flutter/ios/focus/focus_mac
    builtin-SwiftDriver -- /Applications/Xcode.app/Contents/Developer/Toolchains/XcodeDefault.xctoolchain/usr/bin/swiftc -module-name focus_mac -Onone -enforce-exclusivity\=checked @/Users/genweimi/Library/Developer/Xcode/DerivedData/focus_mac-gezrtfymcbjartakpqfqclybqyak/Build/Intermediates.noindex/focus_mac.build/Debug/focus_mac.build/Objects-normal/arm64/focus_mac.SwiftFileList -DDEBUG -default-isolation\=MainActor -enable-bare-slash-regex -enable-upcoming-feature DisableOutwardActorInference -enable-upcoming-feature InferSendableFromCaptures -enable-upcoming-feature GlobalActorIsolatedTypesUsability -enable-upcoming-feature MemberImportVisibility -enable-upcoming-feature InferIsolatedConformances -enable-upcoming-feature NonisolatedNonsendingByDefault -enable-experimental-feature DebugDescriptionMacro -sdk /Applications/Xcode.app/Contents/Developer/Platforms/MacOSX.platform/Developer/SDKs/MacOSX26.2.sdk -target arm64-apple-macos13.0 -g -module-cache-path /Users/genweimi/Library/Developer/Xcode/DerivedData/ModuleCache.noindex -Xfrontend -serialize-debugging-options -profile-coverage-mapping -profile-generate -enable-testing -index-store-path /Users/genweimi/Library/Developer/Xcode/DerivedData/focus_mac-gezrtfymcbjartakpqfqclybqyak/Index.noindex/DataStore -Xcc -D_LIBCPP_HARDENING_MODE\=_LIBCPP_HARDENING_MODE_DEBUG -swift-version 5 -I /Users/genweimi/Library/Developer/Xcode/DerivedData/focus_mac-gezrtfymcbjartakpqfqclybqyak/Build/Products/Debug -F /Users/genweimi/Library/Developer/Xcode/DerivedData/focus_mac-gezrtfymcbjartakpqfqclybqyak/Build/Products/Debug -emit-localized-strings -emit-localized-strings-path /Users/genweimi/Library/Developer/Xcode/DerivedData/focus_mac-gezrtfymcbjartakpqfqclybqyak/Build/Intermediates.noindex/focus_mac.build/Debug/focus_mac.build/Objects-normal/arm64 -c -j8 -enable-batch-mode -incremental -Xcc -ivfsstatcache -Xcc /Users/genweimi/Library/Developer/Xcode/DerivedData/SDKStatCaches.noindex/macosx26.2-25C58-00fa09913b459cbbc988d1f6730289ae.sdkstatcache -output-file-map /Users/genweimi/Library/Developer/Xcode/DerivedData/focus_mac-gezrtfymcbjartakpqfqclybqyak/Build/Intermediates.noindex/focus_mac.build/Debug/focus_mac.build/Objects-normal/arm64/focus_mac-OutputFileMap.json -use-frontend-parseable-output -save-temps -no-color-diagnostics -explicit-module-build -module-cache-path /Users/genweimi/Library/Developer/Xcode/DerivedData/focus_mac-gezrtfymcbjartakpqfqclybqyak/Build/Intermediates.noindex/SwiftExplicitPrecompiledModules -clang-scanner-module-cache-path /Users/genweimi/Library/Developer/Xcode/DerivedData/ModuleCache.noindex -sdk-module-cache-path /Users/genweimi/Library/Developer/Xcode/DerivedData/ModuleCache.noindex -serialize-diagnostics -emit-dependencies -emit-module -emit-module-path /Users/genweimi/Library/Developer/Xcode/DerivedData/focus_mac-gezrtfymcbjartakpqfqclybqyak/Build/Intermediates.noindex/focus_mac.build/Debug/focus_mac.build/Objects-normal/arm64/focus_mac.swiftmodule -validate-clang-modules-once -clang-build-session-file /Users/genweimi/Library/Developer/Xcode/DerivedData/ModuleCache.noindex/Session.modulevalidation -Xcc -I/Users/genweimi/Library/Developer/Xcode/DerivedData/focus_mac-gezrtfymcbjartakpqfqclybqyak/Build/Intermediates.noindex/focus_mac.build/Debug/focus_mac.build/swift-overrides.hmap -emit-const-values -Xfrontend -const-gather-protocols-file -Xfrontend /Users/genweimi/Library/Developer/Xcode/DerivedData/focus_mac-gezrtfymcbjartakpqfqclybqyak/Build/Intermediates.noindex/focus_mac.build/Debug/focus_mac.build/Objects-normal/arm64/focus_mac_const_extract_protocols.json -Xcc -iquote -Xcc /Users/genweimi/Library/Developer/Xcode/DerivedData/focus_mac-gezrtfymcbjartakpqfqclybqyak/Build/Intermediates.noindex/focus_mac.build/Debug/focus_mac.build/focus_mac-generated-files.hmap -Xcc -I/Users/genweimi/Library/Developer/Xcode/DerivedData/focus_mac-gezrtfymcbjartakpqfqclybqyak/Build/Intermediates.noindex/focus_mac.build/Debug/focus_mac.build/focus_mac-own-target-headers.hmap -Xcc -I/Users/genweimi/Library/Developer/Xcode/DerivedData/focus_mac-gezrtfymcbjartakpqfqclybqyak/Build/Intermediates.noindex/focus_mac.build/Debug/focus_mac.build/focus_mac-all-target-headers.hmap -Xcc -iquote -Xcc /Users/genweimi/Library/Developer/Xcode/DerivedData/focus_mac-gezrtfymcbjartakpqfqclybqyak/Build/Intermediates.noindex/focus_mac.build/Debug/focus_mac.build/focus_mac-project-headers.hmap -Xcc -I/Users/genweimi/Library/Developer/Xcode/DerivedData/focus_mac-gezrtfymcbjartakpqfqclybqyak/Build/Products/Debug/include -Xcc -I/Users/genweimi/Library/Developer/Xcode/DerivedData/focus_mac-gezrtfymcbjartakpqfqclybqyak/Build/Intermediates.noindex/focus_mac.build/Debug/focus_mac.build/DerivedSources-normal/arm64 -Xcc -I/Users/genweimi/Library/Developer/Xcode/DerivedData/focus_mac-gezrtfymcbjartakpqfqclybqyak/Build/Intermediates.noindex/focus_mac.build/Debug/focus_mac.build/DerivedSources/arm64 -Xcc -I/Users/genweimi/Library/Developer/Xcode/DerivedData/focus_mac-gezrtfymcbjartakpqfqclybqyak/Build/Intermediates.noindex/focus_mac.build/Debug/focus_mac.build/DerivedSources -Xcc -DDEBUG\=1 -emit-objc-header -emit-objc-header-path /Users/genweimi/Library/Developer/Xcode/DerivedData/focus_mac-gezrtfymcbjartakpqfqclybqyak/Build/Intermediates.noindex/focus_mac.build/Debug/focus_mac.build/Objects-normal/arm64/focus_mac-Swift.h -working-directory /Users/genweimi/Desktop/flutter/ios/focus/focus_mac -experimental-emit-module-separately -disable-cmo

LinkAssetCatalog /Users/genweimi/Desktop/flutter/ios/focus/focus_mac/focus_mac/Assets.xcassets (in target 'focus_mac' from project 'focus_mac')
    cd /Users/genweimi/Desktop/flutter/ios/focus/focus_mac
    builtin-linkAssetCatalog --thinned /Users/genweimi/Library/Developer/Xcode/DerivedData/focus_mac-gezrtfymcbjartakpqfqclybqyak/Build/Intermediates.noindex/focus_mac.build/Debug/focus_mac.build/assetcatalog_output/thinned --thinned-dependencies /Users/genweimi/Library/Developer/Xcode/DerivedData/focus_mac-gezrtfymcbjartakpqfqclybqyak/Build/Intermediates.noindex/focus_mac.build/Debug/focus_mac.build/assetcatalog_dependencies_thinned --thinned-info-plist-content /Users/genweimi/Library/Developer/Xcode/DerivedData/focus_mac-gezrtfymcbjartakpqfqclybqyak/Build/Intermediates.noindex/focus_mac.build/Debug/focus_mac.build/assetcatalog_generated_info.plist_thinned --unthinned /Users/genweimi/Library/Developer/Xcode/DerivedData/focus_mac-gezrtfymcbjartakpqfqclybqyak/Build/Intermediates.noindex/focus_mac.build/Debug/focus_mac.build/assetcatalog_output/unthinned --unthinned-dependencies /Users/genweimi/Library/Developer/Xcode/DerivedData/focus_mac-gezrtfymcbjartakpqfqclybqyak/Build/Intermediates.noindex/focus_mac.build/Debug/focus_mac.build/assetcatalog_dependencies_unthinned --unthinned-info-plist-content /Users/genweimi/Library/Developer/Xcode/DerivedData/focus_mac-gezrtfymcbjartakpqfqclybqyak/Build/Intermediates.noindex/focus_mac.build/Debug/focus_mac.build/assetcatalog_generated_info.plist_unthinned --output /Users/genweimi/Library/Developer/Xcode/DerivedData/focus_mac-gezrtfymcbjartakpqfqclybqyak/Build/Products/Debug/focus_mac.app/Contents/Resources --plist-output /Users/genweimi/Library/Developer/Xcode/DerivedData/focus_mac-gezrtfymcbjartakpqfqclybqyak/Build/Intermediates.noindex/focus_mac.build/Debug/focus_mac.build/assetcatalog_generated_info.plist
note: Emplaced /Users/genweimi/Library/Developer/Xcode/DerivedData/focus_mac-gezrtfymcbjartakpqfqclybqyak/Build/Products/Debug/focus_mac.app/Contents/Resources/AppIcon.icns (in target 'focus_mac' from project 'focus_mac')
note: Emplaced /Users/genweimi/Library/Developer/Xcode/DerivedData/focus_mac-gezrtfymcbjartakpqfqclybqyak/Build/Products/Debug/focus_mac.app/Contents/Resources/Assets.car (in target 'focus_mac' from project 'focus_mac')

ProcessInfoPlistFile /Users/genweimi/Library/Developer/Xcode/DerivedData/focus_mac-gezrtfymcbjartakpqfqclybqyak/Build/Products/Debug/focus_mac.app/Contents/Info.plist /Users/genweimi/Desktop/flutter/ios/focus/focus_mac/focus_mac/Info.plist (in target 'focus_mac' from project 'focus_mac')
    cd /Users/genweimi/Desktop/flutter/ios/focus/focus_mac
    builtin-infoPlistUtility /Users/genweimi/Desktop/flutter/ios/focus/focus_mac/focus_mac/Info.plist -producttype com.apple.product-type.application -genpkginfo /Users/genweimi/Library/Developer/Xcode/DerivedData/focus_mac-gezrtfymcbjartakpqfqclybqyak/Build/Products/Debug/focus_mac.app/Contents/PkgInfo -expandbuildsettings -platform macosx -additionalcontentfile /Users/genweimi/Library/Developer/Xcode/DerivedData/focus_mac-gezrtfymcbjartakpqfqclybqyak/Build/Intermediates.noindex/focus_mac.build/Debug/focus_mac.build/assetcatalog_generated_info.plist -o /Users/genweimi/Library/Developer/Xcode/DerivedData/focus_mac-gezrtfymcbjartakpqfqclybqyak/Build/Products/Debug/focus_mac.app/Contents/Info.plist

SwiftCompile normal arm64 Compiling\ FaceDetectionManager.swift,\ FocusIntents.swift,\ NotificationManager.swift /Users/genweimi/Desktop/flutter/ios/focus/focus_mac/focus_mac/Services/FaceDetectionManager.swift /Users/genweimi/Desktop/flutter/ios/focus/focus_mac/focus_mac/Services/FocusIntents.swift /Users/genweimi/Desktop/flutter/ios/focus/focus_mac/focus_mac/Services/NotificationManager.swift (in target 'focus_mac' from project 'focus_mac')

SwiftCompile normal arm64 /Users/genweimi/Desktop/flutter/ios/focus/focus_mac/focus_mac/Services/FaceDetectionManager.swift (in target 'focus_mac' from project 'focus_mac')
    cd /Users/genweimi/Desktop/flutter/ios/focus/focus_mac
    
/Users/genweimi/Desktop/flutter/ios/focus/focus_mac/focus_mac/Services/FaceDetectionManager.swift:87:62: warning: main actor-isolated conformance of 'FaceDetectionManager' to 'AVCaptureVideoDataOutputSampleBufferDelegate' cannot be used in nonisolated context; this is an error in the Swift 6 language mode
                self.videoDataOutput.setSampleBufferDelegate(self, queue: self.sessionQueue)
                                                             ^

SwiftCompile normal arm64 /Users/genweimi/Desktop/flutter/ios/focus/focus_mac/focus_mac/Services/FocusIntents.swift (in target 'focus_mac' from project 'focus_mac')
    cd /Users/genweimi/Desktop/flutter/ios/focus/focus_mac
    

SwiftCompile normal arm64 /Users/genweimi/Desktop/flutter/ios/focus/focus_mac/focus_mac/Services/NotificationManager.swift (in target 'focus_mac' from project 'focus_mac')
    cd /Users/genweimi/Desktop/flutter/ios/focus/focus_mac
    
/Users/genweimi/Desktop/flutter/ios/focus/focus_mac/focus_mac/Services/NotificationManager.swift:150:16: warning: value 'sound' was defined but never used; consider replacing with boolean test
        if let sound = customDrowsySound {
           ~~~~^~~~~~~~
                                         != nil
/Users/genweimi/Desktop/flutter/ios/focus/focus_mac/focus_mac/Services/NotificationManager.swift:199:16: warning: value 'sound' was defined but never used; consider replacing with boolean test
        if let sound = customAlertSound {
           ~~~~^~~~~~~~
                                        != nil

SwiftCompile normal arm64 Compiling\ DynamicMenuBarIcon.swift,\ PostureIndicatorView.swift,\ SensitivityPicker.swift /Users/genweimi/Desktop/flutter/ios/focus/focus_mac/focus_mac/Views/Components/DynamicMenuBarIcon.swift /Users/genweimi/Desktop/flutter/ios/focus/focus_mac/focus_mac/Views/Components/PostureIndicatorView.swift /Users/genweimi/Desktop/flutter/ios/focus/focus_mac/focus_mac/Views/Components/SensitivityPicker.swift (in target 'focus_mac' from project 'focus_mac')

SwiftCompile normal arm64 /Users/genweimi/Desktop/flutter/ios/focus/focus_mac/focus_mac/Views/Components/DynamicMenuBarIcon.swift (in target 'focus_mac' from project 'focus_mac')
    cd /Users/genweimi/Desktop/flutter/ios/focus/focus_mac
    

SwiftCompile normal arm64 /Users/genweimi/Desktop/flutter/ios/focus/focus_mac/focus_mac/Views/Components/PostureIndicatorView.swift (in target 'focus_mac' from project 'focus_mac')
    cd /Users/genweimi/Desktop/flutter/ios/focus/focus_mac
    

SwiftCompile normal arm64 /Users/genweimi/Desktop/flutter/ios/focus/focus_mac/focus_mac/Views/Components/SensitivityPicker.swift (in target 'focus_mac' from project 'focus_mac')
    cd /Users/genweimi/Desktop/flutter/ios/focus/focus_mac
    

SwiftCompile normal arm64 Compiling\ focus_macApp.swift,\ GeneratedAssetSymbols.swift /Users/genweimi/Desktop/flutter/ios/focus/focus_mac/focus_mac/focus_macApp.swift /Users/genweimi/Library/Developer/Xcode/DerivedData/focus_mac-gezrtfymcbjartakpqfqclybqyak/Build/Intermediates.noindex/focus_mac.build/Debug/focus_mac.build/DerivedSources/GeneratedAssetSymbols.swift (in target 'focus_mac' from project 'focus_mac')

SwiftCompile normal arm64 /Users/genweimi/Desktop/flutter/ios/focus/focus_mac/focus_mac/focus_macApp.swift (in target 'focus_mac' from project 'focus_mac')
    cd /Users/genweimi/Desktop/flutter/ios/focus/focus_mac
    

SwiftCompile normal arm64 /Users/genweimi/Library/Developer/Xcode/DerivedData/focus_mac-gezrtfymcbjartakpqfqclybqyak/Build/Intermediates.noindex/focus_mac.build/Debug/focus_mac.build/DerivedSources/GeneratedAssetSymbols.swift (in target 'focus_mac' from project 'focus_mac')
    cd /Users/genweimi/Desktop/flutter/ios/focus/focus_mac
    

SwiftCompile normal arm64 Compiling\ MainView.swift,\ PrivacyMaskView.swift /Users/genweimi/Desktop/flutter/ios/focus/focus_mac/focus_mac/Views/MainView.swift /Users/genweimi/Desktop/flutter/ios/focus/focus_mac/focus_mac/Views/PrivacyMaskView.swift (in target 'focus_mac' from project 'focus_mac')
SwiftCompile normal arm64 /Users/genweimi/Desktop/flutter/ios/focus/focus_mac/focus_mac/Views/MainView.swift (in target 'focus_mac' from project 'focus_mac')
    cd /Users/genweimi/Desktop/flutter/ios/focus/focus_mac
    
/Users/genweimi/Desktop/flutter/ios/focus/focus_mac/focus_mac/Views/MainView.swift:220:25: error: cannot find 'showAboutDialog' in scope
                        showAboutDialog = true
                        ^~~~~~~~~~~~~~~
/Users/genweimi/Desktop/flutter/ios/focus/focus_mac/focus_mac/Views/MainView.swift:235:29: error: cannot find '$showAboutDialog' in scope
        .sheet(isPresented: $showAboutDialog) {
                            ^~~~~~~~~~~~~~~~

SwiftCompile normal arm64 /Users/genweimi/Desktop/flutter/ios/focus/focus_mac/focus_mac/Views/PrivacyMaskView.swift (in target 'focus_mac' from project 'focus_mac')
    cd /Users/genweimi/Desktop/flutter/ios/focus/focus_mac
    

Failed frontend command:
/Applications/Xcode.app/Contents/Developer/Toolchains/XcodeDefault.xctoolchain/usr/bin/swift-frontend -frontend -c /Users/genweimi/Desktop/flutter/ios/focus/focus_mac/focus_mac/Models/DailyStats.swift /Users/genweimi/Desktop/flutter/ios/focus/focus_mac/focus_mac/Models/DistractionSnapshot.swift /Users/genweimi/Desktop/flutter/ios/focus/focus_mac/focus_mac/Models/PostureState.swift /Users/genweimi/Desktop/flutter/ios/focus/focus_mac/focus_mac/Services/FaceDetectionManager.swift /Users/genweimi/Desktop/flutter/ios/focus/focus_mac/focus_mac/Services/FocusIntents.swift /Users/genweimi/Desktop/flutter/ios/focus/focus_mac/focus_mac/Services/NotificationManager.swift /Users/genweimi/Desktop/flutter/ios/focus/focus_mac/focus_mac/Utils/LanguageManager.swift /Users/genweimi/Desktop/flutter/ios/focus/focus_mac/focus_mac/Utils/ThemeManager.swift /Users/genweimi/Desktop/flutter/ios/focus/focus_mac/focus_mac/ViewModels/FocusViewModel.swift /Users/genweimi/Desktop/flutter/ios/focus/focus_mac/focus_mac/Views/Components/DynamicMenuBarIcon.swift /Users/genweimi/Desktop/flutter/ios/focus/focus_mac/focus_mac/Views/Components/PostureIndicatorView.swift /Users/genweimi/Desktop/flutter/ios/focus/focus_mac/focus_mac/Views/Components/SensitivityPicker.swift /Users/genweimi/Desktop/flutter/ios/focus/focus_mac/focus_mac/Views/Components/SnapshotGalleryView.swift /Users/genweimi/Desktop/flutter/ios/focus/focus_mac/focus_mac/Views/Components/StatCard.swift /Users/genweimi/Desktop/flutter/ios/focus/focus_mac/focus_mac/Views/Components/StatusIndicator.swift -primary-file /Users/genweimi/Desktop/flutter/ios/focus/focus_mac/focus_mac/Views/MainView.swift -primary-file /Users/genweimi/Desktop/flutter/ios/focus/focus_mac/focus_mac/Views/PrivacyMaskView.swift /Users/genweimi/Desktop/flutter/ios/focus/focus_mac/focus_mac/Views/SettingsView.swift /Users/genweimi/Desktop/flutter/ios/focus/focus_mac/focus_mac/Views/StatisticsView.swift /Users/genweimi/Desktop/flutter/ios/focus/focus_mac/focus_mac/focus_macApp.swift /Users/genweimi/Library/Developer/Xcode/DerivedData/focus_mac-gezrtfymcbjartakpqfqclybqyak/Build/Intermediates.noindex/focus_mac.build/Debug/focus_mac.build/DerivedSources/GeneratedAssetSymbols.swift -emit-dependencies-path /Users/genweimi/Library/Developer/Xcode/DerivedData/focus_mac-gezrtfymcbjartakpqfqclybqyak/Build/Intermediates.noindex/focus_mac.build/Debug/focus_mac.build/Objects-normal/arm64/MainView.d -emit-const-values-path /Users/genweimi/Library/Developer/Xcode/DerivedData/focus_mac-gezrtfymcbjartakpqfqclybqyak/Build/Intermediates.noindex/focus_mac.build/Debug/focus_mac.build/Objects-normal/arm64/MainView.swiftconstvalues -emit-reference-dependencies-path /Users/genweimi/Library/Developer/Xcode/DerivedData/focus_mac-gezrtfymcbjartakpqfqclybqyak/Build/Intermediates.noindex/focus_mac.build/Debug/focus_mac.build/Objects-normal/arm64/MainView.swiftdeps -serialize-diagnostics-path /Users/genweimi/Library/Developer/Xcode/DerivedData/focus_mac-gezrtfymcbjartakpqfqclybqyak/Build/Intermediates.noindex/focus_mac.build/Debug/focus_mac.build/Objects-normal/arm64/MainView.dia -emit-dependencies-path /Users/genweimi/Library/Developer/Xcode/DerivedData/focus_mac-gezrtfymcbjartakpqfqclybqyak/Build/Intermediates.noindex/focus_mac.build/Debug/focus_mac.build/Objects-normal/arm64/PrivacyMaskView.d -emit-const-values-path /Users/genweimi/Library/Developer/Xcode/DerivedData/focus_mac-gezrtfymcbjartakpqfqclybqyak/Build/Intermediates.noindex/focus_mac.build/Debug/focus_mac.build/Objects-normal/arm64/PrivacyMaskView.swiftconstvalues -emit-reference-dependencies-path /Users/genweimi/Library/Developer/Xcode/DerivedData/focus_mac-gezrtfymcbjartakpqfqclybqyak/Build/Intermediates.noindex/focus_mac.build/Debug/focus_mac.build/Objects-normal/arm64/PrivacyMaskView.swiftdeps -serialize-diagnostics-path /Users/genweimi/Library/Developer/Xcode/DerivedData/focus_mac-gezrtfymcbjartakpqfqclybqyak/Build/Intermediates.noindex/focus_mac.build/Debug/focus_mac.build/Objects-normal/arm64/PrivacyMaskView.dia -emit-localized-strings -emit-localized-strings-path /Users/genweimi/Library/Developer/Xcode/DerivedData/focus_mac-gezrtfymcbjartakpqfqclybqyak/Build/Intermediates.noindex/focus_mac.build/Debug/focus_mac.build/Objects-normal/arm64 -target arm64-apple-macos13.0 -module-can-import-version AppKit 2685.30.107 2685.30.107 -module-can-import-version DeveloperToolsSupport 23.0.4 23.0.4 -module-can-import-version SwiftUI 7.2.5.1 7.2.5 -load-resolved-plugin /Applications/Xcode.app/Contents/Developer/Platforms/MacOSX.platform/Developer/usr/lib/swift/host/plugins/libAppIntentsMacros.dylib\#/Applications/Xcode.app/Contents/Developer/Platforms/MacOSX.platform/Developer/usr/bin/swift-plugin-server\#AppIntentsMacros -load-resolved-plugin /Applications/Xcode.app/Contents/Developer/Platforms/MacOSX.platform/Developer/usr/lib/swift/host/plugins/libFoundationMacros.dylib\#/Applications/Xcode.app/Contents/Developer/Platforms/MacOSX.platform/Developer/usr/bin/swift-plugin-server\#FoundationMacros -load-resolved-plugin /Applications/Xcode.app/Contents/Developer/Platforms/MacOSX.platform/Developer/usr/lib/swift/host/plugins/libObservationMacros.dylib\#/Applications/Xcode.app/Contents/Developer/Platforms/MacOSX.platform/Developer/usr/bin/swift-plugin-server\#ObservationMacros -load-resolved-plugin /Applications/Xcode.app/Contents/Developer/Platforms/MacOSX.platform/Developer/usr/lib/swift/host/plugins/libPreviewsMacros.dylib\#/Applications/Xcode.app/Contents/Developer/Platforms/MacOSX.platform/Developer/usr/bin/swift-plugin-server\#PreviewsMacros -load-resolved-plugin /Applications/Xcode.app/Contents/Developer/Platforms/MacOSX.platform/Developer/usr/lib/swift/host/plugins/libSwiftMacros.dylib\#/Applications/Xcode.app/Contents/Developer/Platforms/MacOSX.platform/Developer/usr/bin/swift-plugin-server\#SwiftMacros -load-resolved-plugin /Applications/Xcode.app/Contents/Developer/Platforms/MacOSX.platform/Developer/usr/lib/swift/host/plugins/libSwiftUIMacros.dylib\#/Applications/Xcode.app/Contents/Developer/Platforms/MacOSX.platform/Developer/usr/bin/swift-plugin-server\#SwiftUIMacros -disable-implicit-swift-modules -Xcc -fno-implicit-modules -Xcc -fno-implicit-module-maps -explicit-swift-module-map-file /Users/genweimi/Library/Developer/Xcode/DerivedData/focus_mac-gezrtfymcbjartakpqfqclybqyak/Build/Intermediates.noindex/focus_mac.build/Debug/focus_mac.build/Objects-normal/arm64/focus_mac-dependencies-1.json -Xllvm -aarch64-use-tbi -enable-objc-interop -stack-check -sdk /Applications/Xcode.app/Contents/Developer/Platforms/MacOSX.platform/Developer/SDKs/MacOSX26.2.sdk -I /Users/genweimi/Library/Developer/Xcode/DerivedData/focus_mac-gezrtfymcbjartakpqfqclybqyak/Build/Products/Debug -F /Users/genweimi/Library/Developer/Xcode/DerivedData/focus_mac-gezrtfymcbjartakpqfqclybqyak/Build/Products/Debug -no-color-diagnostics -Xcc -fno-color-diagnostics -enable-testing -g -debug-info-format\=dwarf -dwarf-version\=4 -module-cache-path /Users/genweimi/Library/Developer/Xcode/DerivedData/focus_mac-gezrtfymcbjartakpqfqclybqyak/Build/Intermediates.noindex/SwiftExplicitPrecompiledModules -profile-generate -profile-coverage-mapping -swift-version 5 -enforce-exclusivity\=checked -Onone -D DEBUG -serialize-debugging-options -const-gather-protocols-file /Users/genweimi/Library/Developer/Xcode/DerivedData/focus_mac-gezrtfymcbjartakpqfqclybqyak/Build/Intermediates.noindex/focus_mac.build/Debug/focus_mac.build/Objects-normal/arm64/focus_mac_const_extract_protocols.json -enable-upcoming-feature DisableOutwardActorInference -enable-upcoming-feature InferSendableFromCaptures -enable-upcoming-feature GlobalActorIsolatedTypesUsability -enable-upcoming-feature MemberImportVisibility -enable-upcoming-feature InferIsolatedConformances -enable-upcoming-feature NonisolatedNonsendingByDefault -enable-experimental-feature DebugDescriptionMacro -enable-bare-slash-regex -default-isolation\=MainActor -empty-abi-descriptor -validate-clang-modules-once -clang-build-session-file /Users/genweimi/Library/Developer/Xcode/DerivedData/ModuleCache.noindex/Session.modulevalidation -Xcc -working-directory -Xcc /Users/genweimi/Desktop/flutter/ios/focus/focus_mac -enable-anonymous-context-mangled-names -file-compilation-dir /Users/genweimi/Desktop/flutter/ios/focus/focus_mac -Xcc -D_LIBCPP_HARDENING_MODE\=_LIBCPP_HARDENING_MODE_DEBUG -Xcc -ivfsstatcache -Xcc /Users/genweimi/Library/Developer/Xcode/DerivedData/SDKStatCaches.noindex/macosx26.2-25C58-00fa09913b459cbbc988d1f6730289ae.sdkstatcache -Xcc -I/Users/genweimi/Library/Developer/Xcode/DerivedData/focus_mac-gezrtfymcbjartakpqfqclybqyak/Build/Intermediates.noindex/focus_mac.build/Debug/focus_mac.build/swift-overrides.hmap -Xcc -iquote -Xcc /Users/genweimi/Library/Developer/Xcode/DerivedData/focus_mac-gezrtfymcbjartakpqfqclybqyak/Build/Intermediates.noindex/focus_mac.build/Debug/focus_mac.build/focus_mac-generated-files.hmap -Xcc -I/Users/genweimi/Library/Developer/Xcode/DerivedData/focus_mac-gezrtfymcbjartakpqfqclybqyak/Build/Intermediates.noindex/focus_mac.build/Debug/focus_mac.build/focus_mac-own-target-headers.hmap -Xcc -I/Users/genweimi/Library/Developer/Xcode/DerivedData/focus_mac-gezrtfymcbjartakpqfqclybqyak/Build/Intermediates.noindex/focus_mac.build/Debug/focus_mac.build/focus_mac-all-target-headers.hmap -Xcc -iquote -Xcc /Users/genweimi/Library/Developer/Xcode/DerivedData/focus_mac-gezrtfymcbjartakpqfqclybqyak/Build/Intermediates.noindex/focus_mac.build/Debug/focus_mac.build/focus_mac-project-headers.hmap -Xcc -I/Users/genweimi/Library/Developer/Xcode/DerivedData/focus_mac-gezrtfymcbjartakpqfqclybqyak/Build/Products/Debug/include -Xcc -I/Users/genweimi/Library/Developer/Xcode/DerivedData/focus_mac-gezrtfymcbjartakpqfqclybqyak/Build/Intermediates.noindex/focus_mac.build/Debug/focus_mac.build/DerivedSources-normal/arm64 -Xcc -I/Users/genweimi/Library/Developer/Xcode/DerivedData/focus_mac-gezrtfymcbjartakpqfqclybqyak/Build/Intermediates.noindex/focus_mac.build/Debug/focus_mac.build/DerivedSources/arm64 -Xcc -I/Users/genweimi/Library/Developer/Xcode/DerivedData/focus_mac-gezrtfymcbjartakpqfqclybqyak/Build/Intermediates.noindex/focus_mac.build/Debug/focus_mac.build/DerivedSources -Xcc -DDEBUG\=1 -no-auto-bridging-header-chaining -module-name focus_mac -frontend-parseable-output -disable-clang-spi -target-sdk-version 26.2 -target-sdk-name macosx26.2 -clang-target arm64-apple-macos26.2 -in-process-plugin-server-path /Applications/Xcode.app/Contents/Developer/Toolchains/XcodeDefault.xctoolchain/usr/lib/swift/host/libSwiftInProcPluginServer.dylib -o /Users/genweimi/Library/Developer/Xcode/DerivedData/focus_mac-gezrtfymcbjartakpqfqclybqyak/Build/Intermediates.noindex/focus_mac.build/Debug/focus_mac.build/Objects-normal/arm64/MainView.o -o /Users/genweimi/Library/Developer/Xcode/DerivedData/focus_mac-gezrtfymcbjartakpqfqclybqyak/Build/Intermediates.noindex/focus_mac.build/Debug/focus_mac.build/Objects-normal/arm64/PrivacyMaskView.o -index-unit-output-path /focus_mac.build/Debug/focus_mac.build/Objects-normal/arm64/MainView.o -index-unit-output-path /focus_mac.build/Debug/focus_mac.build/Objects-normal/arm64/PrivacyMaskView.o -index-store-path /Users/genweimi/Library/Developer/Xcode/DerivedData/focus_mac-gezrtfymcbjartakpqfqclybqyak/Index.noindex/DataStore -index-system-modules
SwiftCompile normal arm64 Compiling\ DailyStats.swift,\ DistractionSnapshot.swift,\ PostureState.swift /Users/genweimi/Desktop/flutter/ios/focus/focus_mac/focus_mac/Models/DailyStats.swift /Users/genweimi/Desktop/flutter/ios/focus/focus_mac/focus_mac/Models/DistractionSnapshot.swift /Users/genweimi/Desktop/flutter/ios/focus/focus_mac/focus_mac/Models/PostureState.swift (in target 'focus_mac' from project 'focus_mac')

SwiftCompile normal arm64 /Users/genweimi/Desktop/flutter/ios/focus/focus_mac/focus_mac/Models/DailyStats.swift (in target 'focus_mac' from project 'focus_mac')
    cd /Users/genweimi/Desktop/flutter/ios/focus/focus_mac
    

SwiftCompile normal arm64 /Users/genweimi/Desktop/flutter/ios/focus/focus_mac/focus_mac/Models/DistractionSnapshot.swift (in target 'focus_mac' from project 'focus_mac')
    cd /Users/genweimi/Desktop/flutter/ios/focus/focus_mac
    

SwiftCompile normal arm64 /Users/genweimi/Desktop/flutter/ios/focus/focus_mac/focus_mac/Models/PostureState.swift (in target 'focus_mac' from project 'focus_mac')
    cd /Users/genweimi/Desktop/flutter/ios/focus/focus_mac
    

SwiftEmitModule normal arm64 Emitting\ module\ for\ focus_mac (in target 'focus_mac' from project 'focus_mac')

EmitSwiftModule normal arm64 (in target 'focus_mac' from project 'focus_mac')
    cd /Users/genweimi/Desktop/flutter/ios/focus/focus_mac
    

SwiftCompile normal arm64 Compiling\ SettingsView.swift,\ StatisticsView.swift /Users/genweimi/Desktop/flutter/ios/focus/focus_mac/focus_mac/Views/SettingsView.swift /Users/genweimi/Desktop/flutter/ios/focus/focus_mac/focus_mac/Views/StatisticsView.swift (in target 'focus_mac' from project 'focus_mac')

SwiftCompile normal arm64 /Users/genweimi/Desktop/flutter/ios/focus/focus_mac/focus_mac/Views/SettingsView.swift (in target 'focus_mac' from project 'focus_mac')
    cd /Users/genweimi/Desktop/flutter/ios/focus/focus_mac
    

SwiftCompile normal arm64 /Users/genweimi/Desktop/flutter/ios/focus/focus_mac/focus_mac/Views/StatisticsView.swift (in target 'focus_mac' from project 'focus_mac')
    cd /Users/genweimi/Desktop/flutter/ios/focus/focus_mac
    

SwiftCompile normal arm64 Compiling\ SnapshotGalleryView.swift,\ StatCard.swift,\ StatusIndicator.swift /Users/genweimi/Desktop/flutter/ios/focus/focus_mac/focus_mac/Views/Components/SnapshotGalleryView.swift /Users/genweimi/Desktop/flutter/ios/focus/focus_mac/focus_mac/Views/Components/StatCard.swift /Users/genweimi/Desktop/flutter/ios/focus/focus_mac/focus_mac/Views/Components/StatusIndicator.swift (in target 'focus_mac' from project 'focus_mac')

SwiftCompile normal arm64 /Users/genweimi/Desktop/flutter/ios/focus/focus_mac/focus_mac/Views/Components/SnapshotGalleryView.swift (in target 'focus_mac' from project 'focus_mac')
    cd /Users/genweimi/Desktop/flutter/ios/focus/focus_mac
    

SwiftCompile normal arm64 /Users/genweimi/Desktop/flutter/ios/focus/focus_mac/focus_mac/Views/Components/StatCard.swift (in target 'focus_mac' from project 'focus_mac')
    cd /Users/genweimi/Desktop/flutter/ios/focus/focus_mac
    

SwiftCompile normal arm64 /Users/genweimi/Desktop/flutter/ios/focus/focus_mac/focus_mac/Views/Components/StatusIndicator.swift (in target 'focus_mac' from project 'focus_mac')
    cd /Users/genweimi/Desktop/flutter/ios/focus/focus_mac
    

SwiftCompile normal arm64 Compiling\ LanguageManager.swift,\ ThemeManager.swift,\ FocusViewModel.swift /Users/genweimi/Desktop/flutter/ios/focus/focus_mac/focus_mac/Utils/LanguageManager.swift /Users/genweimi/Desktop/flutter/ios/focus/focus_mac/focus_mac/Utils/ThemeManager.swift /Users/genweimi/Desktop/flutter/ios/focus/focus_mac/focus_mac/ViewModels/FocusViewModel.swift (in target 'focus_mac' from project 'focus_mac')

SwiftCompile normal arm64 /Users/genweimi/Desktop/flutter/ios/focus/focus_mac/focus_mac/Utils/LanguageManager.swift (in target 'focus_mac' from project 'focus_mac')
    cd /Users/genweimi/Desktop/flutter/ios/focus/focus_mac
    

SwiftCompile normal arm64 /Users/genweimi/Desktop/flutter/ios/focus/focus_mac/focus_mac/Utils/ThemeManager.swift (in target 'focus_mac' from project 'focus_mac')
    cd /Users/genweimi/Desktop/flutter/ios/focus/focus_mac
    

SwiftCompile normal arm64 /Users/genweimi/Desktop/flutter/ios/focus/focus_mac/focus_mac/ViewModels/FocusViewModel.swift (in target 'focus_mac' from project 'focus_mac')
    cd /Users/genweimi/Desktop/flutter/ios/focus/focus_mac
    
/Users/genweimi/Desktop/flutter/ios/focus/focus_mac/focus_mac/ViewModels/FocusViewModel.swift:518:48: warning: main actor-isolated conformance of 'FocusStatus' to 'Equatable' cannot be used in nonisolated context; this is an error in the Swift 6 language mode
            guard let self = self, self.status != .idle else { return }
                                               ^

SwiftDriverJobDiscovery normal arm64 Compiling DailyStats.swift, DistractionSnapshot.swift, PostureState.swift (in target 'focus_mac' from project 'focus_mac')

SwiftDriverJobDiscovery normal arm64 Compiling focus_macApp.swift, GeneratedAssetSymbols.swift (in target 'focus_mac' from project 'focus_mac')

SwiftDriverJobDiscovery normal arm64 Emitting module for focus_mac (in target 'focus_mac' from project 'focus_mac')

SwiftDriver\ Compilation\ Requirements focus_mac normal arm64 com.apple.xcode.tools.swift.compiler (in target 'focus_mac' from project 'focus_mac')
    cd /Users/genweimi/Desktop/flutter/ios/focus/focus_mac
    builtin-Swift-Compilation-Requirements -- /Applications/Xcode.app/Contents/Developer/Toolchains/XcodeDefault.xctoolchain/usr/bin/swiftc -module-name focus_mac -Onone -enforce-exclusivity\=checked @/Users/genweimi/Library/Developer/Xcode/DerivedData/focus_mac-gezrtfymcbjartakpqfqclybqyak/Build/Intermediates.noindex/focus_mac.build/Debug/focus_mac.build/Objects-normal/arm64/focus_mac.SwiftFileList -DDEBUG -default-isolation\=MainActor -enable-bare-slash-regex -enable-upcoming-feature DisableOutwardActorInference -enable-upcoming-feature InferSendableFromCaptures -enable-upcoming-feature GlobalActorIsolatedTypesUsability -enable-upcoming-feature MemberImportVisibility -enable-upcoming-feature InferIsolatedConformances -enable-upcoming-feature NonisolatedNonsendingByDefault -enable-experimental-feature DebugDescriptionMacro -sdk /Applications/Xcode.app/Contents/Developer/Platforms/MacOSX.platform/Developer/SDKs/MacOSX26.2.sdk -target arm64-apple-macos13.0 -g -module-cache-path /Users/genweimi/Library/Developer/Xcode/DerivedData/ModuleCache.noindex -Xfrontend -serialize-debugging-options -profile-coverage-mapping -profile-generate -enable-testing -index-store-path /Users/genweimi/Library/Developer/Xcode/DerivedData/focus_mac-gezrtfymcbjartakpqfqclybqyak/Index.noindex/DataStore -Xcc -D_LIBCPP_HARDENING_MODE\=_LIBCPP_HARDENING_MODE_DEBUG -swift-version 5 -I /Users/genweimi/Library/Developer/Xcode/DerivedData/focus_mac-gezrtfymcbjartakpqfqclybqyak/Build/Products/Debug -F /Users/genweimi/Library/Developer/Xcode/DerivedData/focus_mac-gezrtfymcbjartakpqfqclybqyak/Build/Products/Debug -emit-localized-strings -emit-localized-strings-path /Users/genweimi/Library/Developer/Xcode/DerivedData/focus_mac-gezrtfymcbjartakpqfqclybqyak/Build/Intermediates.noindex/focus_mac.build/Debug/focus_mac.build/Objects-normal/arm64 -c -j8 -enable-batch-mode -incremental -Xcc -ivfsstatcache -Xcc /Users/genweimi/Library/Developer/Xcode/DerivedData/SDKStatCaches.noindex/macosx26.2-25C58-00fa09913b459cbbc988d1f6730289ae.sdkstatcache -output-file-map /Users/genweimi/Library/Developer/Xcode/DerivedData/focus_mac-gezrtfymcbjartakpqfqclybqyak/Build/Intermediates.noindex/focus_mac.build/Debug/focus_mac.build/Objects-normal/arm64/focus_mac-OutputFileMap.json -use-frontend-parseable-output -save-temps -no-color-diagnostics -explicit-module-build -module-cache-path /Users/genweimi/Library/Developer/Xcode/DerivedData/focus_mac-gezrtfymcbjartakpqfqclybqyak/Build/Intermediates.noindex/SwiftExplicitPrecompiledModules -clang-scanner-module-cache-path /Users/genweimi/Library/Developer/Xcode/DerivedData/ModuleCache.noindex -sdk-module-cache-path /Users/genweimi/Library/Developer/Xcode/DerivedData/ModuleCache.noindex -serialize-diagnostics -emit-dependencies -emit-module -emit-module-path /Users/genweimi/Library/Developer/Xcode/DerivedData/focus_mac-gezrtfymcbjartakpqfqclybqyak/Build/Intermediates.noindex/focus_mac.build/Debug/focus_mac.build/Objects-normal/arm64/focus_mac.swiftmodule -validate-clang-modules-once -clang-build-session-file /Users/genweimi/Library/Developer/Xcode/DerivedData/ModuleCache.noindex/Session.modulevalidation -Xcc -I/Users/genweimi/Library/Developer/Xcode/DerivedData/focus_mac-gezrtfymcbjartakpqfqclybqyak/Build/Intermediates.noindex/focus_mac.build/Debug/focus_mac.build/swift-overrides.hmap -emit-const-values -Xfrontend -const-gather-protocols-file -Xfrontend /Users/genweimi/Library/Developer/Xcode/DerivedData/focus_mac-gezrtfymcbjartakpqfqclybqyak/Build/Intermediates.noindex/focus_mac.build/Debug/focus_mac.build/Objects-normal/arm64/focus_mac_const_extract_protocols.json -Xcc -iquote -Xcc /Users/genweimi/Library/Developer/Xcode/DerivedData/focus_mac-gezrtfymcbjartakpqfqclybqyak/Build/Intermediates.noindex/focus_mac.build/Debug/focus_mac.build/focus_mac-generated-files.hmap -Xcc -I/Users/genweimi/Library/Developer/Xcode/DerivedData/focus_mac-gezrtfymcbjartakpqfqclybqyak/Build/Intermediates.noindex/focus_mac.build/Debug/focus_mac.build/focus_mac-own-target-headers.hmap -Xcc -I/Users/genweimi/Library/Developer/Xcode/DerivedData/focus_mac-gezrtfymcbjartakpqfqclybqyak/Build/Intermediates.noindex/focus_mac.build/Debug/focus_mac.build/focus_mac-all-target-headers.hmap -Xcc -iquote -Xcc /Users/genweimi/Library/Developer/Xcode/DerivedData/focus_mac-gezrtfymcbjartakpqfqclybqyak/Build/Intermediates.noindex/focus_mac.build/Debug/focus_mac.build/focus_mac-project-headers.hmap -Xcc -I/Users/genweimi/Library/Developer/Xcode/DerivedData/focus_mac-gezrtfymcbjartakpqfqclybqyak/Build/Products/Debug/include -Xcc -I/Users/genweimi/Library/Developer/Xcode/DerivedData/focus_mac-gezrtfymcbjartakpqfqclybqyak/Build/Intermediates.noindex/focus_mac.build/Debug/focus_mac.build/DerivedSources-normal/arm64 -Xcc -I/Users/genweimi/Library/Developer/Xcode/DerivedData/focus_mac-gezrtfymcbjartakpqfqclybqyak/Build/Intermediates.noindex/focus_mac.build/Debug/focus_mac.build/DerivedSources/arm64 -Xcc -I/Users/genweimi/Library/Developer/Xcode/DerivedData/focus_mac-gezrtfymcbjartakpqfqclybqyak/Build/Intermediates.noindex/focus_mac.build/Debug/focus_mac.build/DerivedSources -Xcc -DDEBUG\=1 -emit-objc-header -emit-objc-header-path /Users/genweimi/Library/Developer/Xcode/DerivedData/focus_mac-gezrtfymcbjartakpqfqclybqyak/Build/Intermediates.noindex/focus_mac.build/Debug/focus_mac.build/Objects-normal/arm64/focus_mac-Swift.h -working-directory /Users/genweimi/Desktop/flutter/ios/focus/focus_mac -experimental-emit-module-separately -disable-cmo

SwiftMergeGeneratedHeaders /Users/genweimi/Library/Developer/Xcode/DerivedData/focus_mac-gezrtfymcbjartakpqfqclybqyak/Build/Intermediates.noindex/focus_mac.build/Debug/focus_mac.build/DerivedSources/focus_mac-Swift.h /Users/genweimi/Library/Developer/Xcode/DerivedData/focus_mac-gezrtfymcbjartakpqfqclybqyak/Build/Intermediates.noindex/focus_mac.build/Debug/focus_mac.build/Objects-normal/arm64/focus_mac-Swift.h (in target 'focus_mac' from project 'focus_mac')
    cd /Users/genweimi/Desktop/flutter/ios/focus/focus_mac
    builtin-swiftHeaderTool -arch arm64 /Users/genweimi/Library/Developer/Xcode/DerivedData/focus_mac-gezrtfymcbjartakpqfqclybqyak/Build/Intermediates.noindex/focus_mac.build/Debug/focus_mac.build/Objects-normal/arm64/focus_mac-Swift.h -o /Users/genweimi/Library/Developer/Xcode/DerivedData/focus_mac-gezrtfymcbjartakpqfqclybqyak/Build/Intermediates.noindex/focus_mac.build/Debug/focus_mac.build/DerivedSources/focus_mac-Swift.h

Copy /Users/genweimi/Library/Developer/Xcode/DerivedData/focus_mac-gezrtfymcbjartakpqfqclybqyak/Build/Products/Debug/focus_mac.swiftmodule/arm64-apple-macos.swiftmodule /Users/genweimi/Library/Developer/Xcode/DerivedData/focus_mac-gezrtfymcbjartakpqfqclybqyak/Build/Intermediates.noindex/focus_mac.build/Debug/focus_mac.build/Objects-normal/arm64/focus_mac.swiftmodule (in target 'focus_mac' from project 'focus_mac')
    cd /Users/genweimi/Desktop/flutter/ios/focus/focus_mac
    builtin-copy -exclude .DS_Store -exclude CVS -exclude .svn -exclude .git -exclude .hg -resolve-src-symlinks -rename /Users/genweimi/Library/Developer/Xcode/DerivedData/focus_mac-gezrtfymcbjartakpqfqclybqyak/Build/Intermediates.noindex/focus_mac.build/Debug/focus_mac.build/Objects-normal/arm64/focus_mac.swiftmodule /Users/genweimi/Library/Developer/Xcode/DerivedData/focus_mac-gezrtfymcbjartakpqfqclybqyak/Build/Products/Debug/focus_mac.swiftmodule/arm64-apple-macos.swiftmodule

Copy /Users/genweimi/Library/Developer/Xcode/DerivedData/focus_mac-gezrtfymcbjartakpqfqclybqyak/Build/Products/Debug/focus_mac.swiftmodule/arm64-apple-macos.swiftdoc /Users/genweimi/Library/Developer/Xcode/DerivedData/focus_mac-gezrtfymcbjartakpqfqclybqyak/Build/Intermediates.noindex/focus_mac.build/Debug/focus_mac.build/Objects-normal/arm64/focus_mac.swiftdoc (in target 'focus_mac' from project 'focus_mac')
    cd /Users/genweimi/Desktop/flutter/ios/focus/focus_mac
    builtin-copy -exclude .DS_Store -exclude CVS -exclude .svn -exclude .git -exclude .hg -resolve-src-symlinks -rename /Users/genweimi/Library/Developer/Xcode/DerivedData/focus_mac-gezrtfymcbjartakpqfqclybqyak/Build/Intermediates.noindex/focus_mac.build/Debug/focus_mac.build/Objects-normal/arm64/focus_mac.swiftdoc /Users/genweimi/Library/Developer/Xcode/DerivedData/focus_mac-gezrtfymcbjartakpqfqclybqyak/Build/Products/Debug/focus_mac.swiftmodule/arm64-apple-macos.swiftdoc

Copy /Users/genweimi/Library/Developer/Xcode/DerivedData/focus_mac-gezrtfymcbjartakpqfqclybqyak/Build/Products/Debug/focus_mac.swiftmodule/arm64-apple-macos.abi.json /Users/genweimi/Library/Developer/Xcode/DerivedData/focus_mac-gezrtfymcbjartakpqfqclybqyak/Build/Intermediates.noindex/focus_mac.build/Debug/focus_mac.build/Objects-normal/arm64/focus_mac.abi.json (in target 'focus_mac' from project 'focus_mac')
    cd /Users/genweimi/Desktop/flutter/ios/focus/focus_mac
    builtin-copy -exclude .DS_Store -exclude CVS -exclude .svn -exclude .git -exclude .hg -resolve-src-symlinks -rename /Users/genweimi/Library/Developer/Xcode/DerivedData/focus_mac-gezrtfymcbjartakpqfqclybqyak/Build/Intermediates.noindex/focus_mac.build/Debug/focus_mac.build/Objects-normal/arm64/focus_mac.abi.json /Users/genweimi/Library/Developer/Xcode/DerivedData/focus_mac-gezrtfymcbjartakpqfqclybqyak/Build/Products/Debug/focus_mac.swiftmodule/arm64-apple-macos.abi.json

Copy /Users/genweimi/Library/Developer/Xcode/DerivedData/focus_mac-gezrtfymcbjartakpqfqclybqyak/Build/Products/Debug/focus_mac.swiftmodule/Project/arm64-apple-macos.swiftsourceinfo /Users/genweimi/Library/Developer/Xcode/DerivedData/focus_mac-gezrtfymcbjartakpqfqclybqyak/Build/Intermediates.noindex/focus_mac.build/Debug/focus_mac.build/Objects-normal/arm64/focus_mac.swiftsourceinfo (in target 'focus_mac' from project 'focus_mac')
    cd /Users/genweimi/Desktop/flutter/ios/focus/focus_mac
    builtin-copy -exclude .DS_Store -exclude CVS -exclude .svn -exclude .git -exclude .hg -resolve-src-symlinks -rename /Users/genweimi/Library/Developer/Xcode/DerivedData/focus_mac-gezrtfymcbjartakpqfqclybqyak/Build/Intermediates.noindex/focus_mac.build/Debug/focus_mac.build/Objects-normal/arm64/focus_mac.swiftsourceinfo /Users/genweimi/Library/Developer/Xcode/DerivedData/focus_mac-gezrtfymcbjartakpqfqclybqyak/Build/Products/Debug/focus_mac.swiftmodule/Project/arm64-apple-macos.swiftsourceinfo

SwiftDriverJobDiscovery normal arm64 Compiling DynamicMenuBarIcon.swift, PostureIndicatorView.swift, SensitivityPicker.swift (in target 'focus_mac' from project 'focus_mac')

SwiftDriverJobDiscovery normal arm64 Compiling SnapshotGalleryView.swift, StatCard.swift, StatusIndicator.swift (in target 'focus_mac' from project 'focus_mac')

SwiftDriverJobDiscovery normal arm64 Compiling FaceDetectionManager.swift, FocusIntents.swift, NotificationManager.swift (in target 'focus_mac' from project 'focus_mac')

SwiftDriverJobDiscovery normal arm64 Compiling SettingsView.swift, StatisticsView.swift (in target 'focus_mac' from project 'focus_mac')

SwiftDriverJobDiscovery normal arm64 Compiling LanguageManager.swift, ThemeManager.swift, FocusViewModel.swift (in target 'focus_mac' from project 'focus_mac')

** BUILD FAILED **


The following build commands failed:
	SwiftCompile normal arm64 /Users/genweimi/Desktop/flutter/ios/focus/focus_mac/focus_mac/Views/MainView.swift (in target 'focus_mac' from project 'focus_mac')
	SwiftCompile normal arm64 Compiling\ MainView.swift,\ PrivacyMaskView.swift /Users/genweimi/Desktop/flutter/ios/focus/focus_mac/focus_mac/Views/MainView.swift /Users/genweimi/Desktop/flutter/ios/focus/focus_mac/focus_mac/Views/PrivacyMaskView.swift (in target 'focus_mac' from project 'focus_mac')
	Building project focus_mac with scheme focus_mac and configuration Debug
(3 failures)
